c model TJ, ST
s 2 4 6 9 11 14 16 19 21 24 26 29 31 34 36 39 41 44
t 1 3 7 8 12 13 17 18 22 23 27 28 32 33 37 38 42 43
a YES
a 2 4 6 9 11 14 16 19 21 24 26 29 31 34 36 39 41 44
a 1 4 6 9 11 14 16 19 21 24 26 29 31 34 36 39 41 44
a 1 3 6 9 11 14 16 19 21 24 26 29 31 34 36 39 41 44
a 1 3 5 9 11 14 16 19 21 24 26 29 31 34 36 39 41 44
a 1 3 5 8 11 14 16 19 21 24 26 29 31 34 36 39 41 44
a 1 3 7 8 11 14 16 19 21 24 26 29 31 34 36 39 41 44
a 1 4 7 8 11 14 16 19 21 24 26 29 31 34 36 39 41 44
a 2 4 7 8 11 14 16 19 21 24 26 29 31 34 36 39 41 44
a 2 4 7 8 10 14 16 19 21 24 26 29 31 34 36 39 41 44
a 2 4 7 8 10 13 16 19 21 24 26 29 31 34 36 39 41 44
a 2 4 7 8 10 13 15 19 21 24 26 29 31 34 36 39 41 44
a 2 4 7 8 10 13 15 18 21 24 26 29 31 34 36 39 41 44
a 2 4 7 8 10 13 17 18 21 24 26 29 31 34 36 39 41 44
a 2 4 7 8 10 14 17 18 21 24 26 29 31 34 36 39 41 44
a 2 4 7 8 11 14 17 18 21 24 26 29 31 34 36 39 41 44
a 1 4 7 8 11 14 17 18 21 24 26 29 31 34 36 39 41 44
a 1 3 7 8 11 14 17 18 21 24 26 29 31 34 36 39 41 44
a 1 3 5 8 11 14 17 18 21 24 26 29 31 34 36 39 41 44
a 1 3 5 9 11 14 17 18 21 24 26 29 31 34 36 39 41 44
a 1 3 5 9 11 14 17 18 20 24 26 29 31 34 36 39 41 44
a 1 3 5 9 11 14 17 18 20 23 26 29 31 34 36 39 41 44
a 1 3 5 9 11 14 17 18 20 23 25 29 31 34 36 39 41 44
a 1 3 5 9 11 14 17 18 20 23 25 28 31 34 36 39 41 44
a 1 3 5 9 11 14 17 18 20 23 27 28 31 34 36 39 41 44
a 1 3 5 9 11 14 17 18 20 24 27 28 31 34 36 39 41 44
a 1 3 5 9 11 14 17 18 21 24 27 28 31 34 36 39 41 44
a 1 3 5 8 11 14 17 18 21 24 27 28 31 34 36 39 41 44
a 1 3 7 8 11 14 17 18 21 24 27 28 31 34 36 39 41 44
a 1 4 7 8 11 14 17 18 21 24 27 28 31 34 36 39 41 44
a 2 4 7 8 11 14 17 18 21 24 27 28 31 34 36 39 41 44
a 2 4 7 8 10 14 17 18 21 24 27 28 31 34 36 39 41 44
a 2 4 7 8 10 13 17 18 21 24 27 28 31 34 36 39 41 44
a 2 4 7 8 10 13 15 18 21 24 27 28 31 34 36 39 41 44
a 2 4 7 8 10 13 15 19 21 24 27 28 31 34 36 39 41 44
a 2 4 7 8 10 13 15 19 21 24 27 28 30 34 36 39 41 44
a 2 4 7 8 10 13 15 19 21 24 27 28 30 33 36 39 41 44
a 2 4 7 8 10 13 15 19 21 24 27 28 30 33 35 39 41 44
a 2 4 7 8 10 13 15 19 21 24 27 28 30 33 35 38 41 44
a 2 4 7 8 10 13 15 19 21 24 27 28 30 33 37 38 41 44
a 2 4 7 8 10 13 15 19 21 24 27 28 30 34 37 38 41 44
a 2 4 7 8 10 13 15 19 21 24 27 28 31 34 37 38 41 44
a 2 4 7 8 10 13 15 18 21 24 27 28 31 34 37 38 41 44
a 2 4 7 8 10 13 17 18 21 24 27 28 31 34 37 38 41 44
a 2 4 7 8 10 14 17 18 21 24 27 28 31 34 37 38 41 44
a 2 4 7 8 11 14 17 18 21 24 27 28 31 34 37 38 41 44
a 1 4 7 8 11 14 17 18 21 24 27 28 31 34 37 38 41 44
a 1 3 7 8 11 14 17 18 21 24 27 28 31 34 37 38 41 44
a 1 3 5 8 11 14 17 18 21 24 27 28 31 34 37 38 41 44
a 1 3 5 9 11 14 17 18 21 24 27 28 31 34 37 38 41 44
a 1 3 5 9 11 14 17 18 20 24 27 28 31 34 37 38 41 44
a 1 3 5 9 11 14 17 18 20 23 27 28 31 34 37 38 41 44
a 1 3 5 9 11 14 17 18 20 23 25 28 31 34 37 38 41 44
a 1 3 5 9 11 14 17 18 20 23 25 29 31 34 37 38 41 44
a 1 3 5 9 11 14 17 18 20 23 25 29 31 34 37 38 40 44
a 1 3 5 9 11 14 17 18 20 23 25 29 31 34 37 38 40 43
a 1 3 5 9 11 14 17 18 20 23 25 29 31 34 37 38 42 43
a 1 3 5 9 11 14 17 18 20 23 25 28 31 34 37 38 42 43
a 1 3 5 9 11 14 17 18 20 23 27 28 31 34 37 38 42 43
a 1 3 5 9 11 14 17 18 20 24 27 28 31 34 37 38 42 43
a 1 3 5 9 11 14 17 18 21 24 27 28 31 34 37 38 42 43
a 1 3 5 8 11 14 17 18 21 24 27 28 31 34 37 38 42 43
a 1 3 7 8 11 14 17 18 21 24 27 28 31 34 37 38 42 43
a 1 4 7 8 11 14 17 18 21 24 27 28 31 34 37 38 42 43
a 2 4 7 8 11 14 17 18 21 24 27 28 31 34 37 38 42 43
a 2 4 7 8 10 14 17 18 21 24 27 28 31 34 37 38 42 43
a 2 4 7 8 10 13 17 18 21 24 27 28 31 34 37 38 42 43
a 2 4 7 8 10 13 15 18 21 24 27 28 31 34 37 38 42 43
a 2 4 7 8 10 13 15 19 21 24 27 28 31 34 37 38 42 43
a 2 4 7 8 10 13 15 19 21 24 27 28 30 34 37 38 42 43
a 2 4 7 8 10 13 15 19 21 24 27 28 30 33 37 38 42 43
a 2 4 7 8 10 13 15 19 21 24 27 28 32 33 37 38 42 43
a 2 4 7 8 10 13 15 18 21 24 27 28 32 33 37 38 42 43
a 2 4 7 8 10 13 17 18 21 24 27 28 32 33 37 38 42 43
a 2 4 7 8 10 14 17 18 21 24 27 28 32 33 37 38 42 43
a 2 4 7 8 11 14 17 18 21 24 27 28 32 33 37 38 42 43
a 1 4 7 8 11 14 17 18 21 24 27 28 32 33 37 38 42 43
a 1 3 7 8 11 14 17 18 21 24 27 28 32 33 37 38 42 43
a 1 3 5 8 11 14 17 18 21 24 27 28 32 33 37 38 42 43
a 1 3 5 9 11 14 17 18 21 24 27 28 32 33 37 38 42 43
a 1 3 5 9 11 14 17 18 20 24 27 28 32 33 37 38 42 43
a 1 3 5 9 11 14 17 18 20 23 27 28 32 33 37 38 42 43
a 1 3 5 9 11 14 17 18 22 23 27 28 32 33 37 38 42 43
a 1 3 5 8 11 14 17 18 22 23 27 28 32 33 37 38 42 43
a 1 3 7 8 11 14 17 18 22 23 27 28 32 33 37 38 42 43
a 1 4 7 8 11 14 17 18 22 23 27 28 32 33 37 38 42 43
a 2 4 7 8 11 14 17 18 22 23 27 28 32 33 37 38 42 43
a 2 4 7 8 10 14 17 18 22 23 27 28 32 33 37 38 42 43
a 2 4 7 8 10 13 17 18 22 23 27 28 32 33 37 38 42 43
a 2 4 7 8 12 13 17 18 22 23 27 28 32 33 37 38 42 43
a 1 4 7 8 12 13 17 18 22 23 27 28 32 33 37 38 42 43
a 1 3 7 8 12 13 17 18 22 23 27 28 32 33 37 38 42 43
