c model TJ, ST
s 4 7 9 12 15 16 18 22 25 27 34 37 40 43 46 49 50 55 58 61 64 67 68 73 76 79 80 85 88 91 94 97 100
t 4 6 8 11 15 17 21 23 26 29 34 37 40 43 46 49 50 55 56 57 60 64 66 67 68 73 75 78 80 85 91 94 99
a YES
a 4 7 9 12 15 16 18 22 25 27 34 37 40 43 46 49 50 55 58 61 64 67 68 73 76 79 80 85 88 91 94 97 100
a 4 7 9 12 15 16 18 22 25 27 34 37 40 43 46 49 50 55 58 61 64 67 68 73 76 79 80 85 88 91 94 97 99
a 4 7 9 12 15 16 18 22 25 27 34 37 40 43 46 49 50 55 58 61 64 67 68 73 76 78 80 85 88 91 94 97 99
a 4 7 9 12 15 16 18 22 25 27 34 37 40 43 46 49 50 55 58 61 64 67 68 73 75 78 80 85 88 91 94 97 99
a 4 7 9 12 15 16 18 22 25 27 34 37 40 43 46 49 50 55 58 61 64 66 67 68 73 75 78 80 85 91 94 97 99
a 4 7 9 12 15 16 18 22 25 27 34 37 40 43 46 49 50 55 58 60 64 66 67 68 73 75 78 80 85 91 94 97 99
a 4 7 9 12 15 16 18 22 25 27 34 37 40 43 46 49 50 55 56 60 64 66 67 68 73 75 78 80 85 91 94 97 99
a 4 7 9 12 15 16 18 22 25 27 34 37 40 43 46 49 50 55 56 57 60 64 66 67 68 73 75 78 80 85 91 94 99
a 4 7 9 12 15 18 22 25 27 29 34 37 40 43 46 49 50 55 56 57 60 64 66 67 68 73 75 78 80 85 91 94 99
a 4 7 9 12 15 18 22 25 26 29 34 37 40 43 46 49 50 55 56 57 60 64 66 67 68 73 75 78 80 85 91 94 99
a 4 7 9 11 12 15 22 25 26 29 34 37 40 43 46 49 50 55 56 57 60 64 66 67 68 73 75 78 80 85 91 94 99
a 4 7 9 11 12 15 17 22 26 29 34 37 40 43 46 49 50 55 56 57 60 64 66 67 68 73 75 78 80 85 91 94 99
a 4 7 9 11 15 17 22 23 26 29 34 37 40 43 46 49 50 55 56 57 60 64 66 67 68 73 75 78 80 85 91 94 99
a 4 7 9 11 15 17 21 23 26 29 34 37 40 43 46 49 50 55 56 57 60 64 66 67 68 73 75 78 80 85 91 94 99
a 4 7 8 11 15 17 21 23 26 29 34 37 40 43 46 49 50 55 56 57 60 64 66 67 68 73 75 78 80 85 91 94 99
a 4 6 8 11 15 17 21 23 26 29 34 37 40 43 46 49 50 55 56 57 60 64 66 67 68 73 75 78 80 85 91 94 99
