c model TJ, ST
s 3 7 8 11 16 19 22 24 26 34 37 40 43 46 49 50 55 58 59 63 67 70 73 76 77 80 85 88
t 2 4 6 10 11 16 17 20 28 31 34 35 38 43 44 48 50 55 56 59 67 68 73 74 78 81 83 86
a YES
a 3 7 8 11 16 19 22 24 26 34 37 40 43 46 49 50 55 58 59 63 67 70 73 76 77 80 85 88
a 3 7 8 11 16 19 22 24 26 34 37 40 43 46 49 50 55 56 59 63 67 70 73 76 77 80 85 88
a 3 7 8 11 16 19 20 24 26 34 37 40 43 46 49 50 55 56 59 63 67 70 73 76 77 80 85 88
a 3 7 8 11 16 19 20 24 26 34 37 40 43 46 49 50 55 56 59 63 67 70 73 74 76 77 80 85
a 3 7 8 11 16 19 20 24 26 34 37 40 43 46 49 50 55 56 59 63 67 70 73 74 77 80 85 86
a 3 7 8 11 16 19 20 24 28 34 37 40 43 46 49 50 55 56 59 63 67 70 73 74 77 80 85 86
a 3 7 8 11 16 19 20 24 28 34 35 40 43 46 49 50 55 56 59 63 67 70 73 74 77 80 85 86
a 3 7 8 11 16 19 20 24 28 34 35 40 43 46 49 50 55 56 59 63 67 70 73 74 77 80 83 86
a 3 7 8 11 16 19 20 24 28 34 35 40 43 46 49 50 55 56 59 63 67 70 73 74 77 81 83 86
a 4 7 8 11 16 19 20 24 28 34 35 40 43 46 49 50 55 56 59 63 67 70 73 74 77 81 83 86
a 4 7 8 11 16 19 20 24 28 34 35 40 43 46 49 50 55 56 59 63 67 70 73 74 78 81 83 86
a 4 7 8 11 16 19 20 24 28 34 35 40 43 46 49 50 55 56 59 63 67 68 73 74 78 81 83 86
a 4 7 8 11 16 19 20 24 28 34 35 40 43 46 48 50 55 56 59 63 67 68 73 74 78 81 83 86
a 4 7 8 11 16 19 20 24 28 34 35 40 43 44 48 50 55 56 59 63 67 68 73 74 78 81 83 86
a 4 7 8 11 16 19 20 28 31 34 35 40 43 44 48 50 55 56 59 63 67 68 73 74 78 81 83 86
a 2 4 7 8 11 16 19 20 28 31 34 35 40 43 44 48 50 55 56 59 67 68 73 74 78 81 83 86
a 2 4 7 8 11 16 19 20 28 31 34 35 38 43 44 48 50 55 56 59 67 68 73 74 78 81 83 86
a 2 4 7 8 11 16 17 20 28 31 34 35 38 43 44 48 50 55 56 59 67 68 73 74 78 81 83 86
a 2 4 7 10 11 16 17 20 28 31 34 35 38 43 44 48 50 55 56 59 67 68 73 74 78 81 83 86
a 2 4 6 10 11 16 17 20 28 31 34 35 38 43 44 48 50 55 56 59 67 68 73 74 78 81 83 86
