c model TJ, ST
s 1 8 14 21 27 34
t 7 13 14 21 27 34
a YES
a 1 8 14 21 27 34
a 2 8 14 21 27 34
a 2 9 14 21 27 34
a 3 9 14 21 27 34
a 3 10 14 21 27 34
a 3 10 15 21 27 34
a 3 10 15 22 27 34
a 3 10 16 22 27 34
a 3 10 16 23 27 34
a 3 10 16 23 28 34
a 3 10 16 23 28 35
a 3 10 16 23 29 35
a 3 10 16 23 29 36
a 3 10 16 23 30 36
a 3 10 16 23 30 37
a 3 10 16 23 31 37
a 3 10 16 23 31 38
a 3 10 16 23 32 38
a 3 10 16 23 32 39
a 3 10 16 23 33 39
a 3 10 17 23 33 39
a 3 10 17 24 33 39
a 3 10 18 24 33 39
a 3 10 18 25 33 39
a 3 10 18 25 32 39
a 3 10 18 25 32 38
a 3 10 18 25 31 38
a 3 10 18 25 31 37
a 3 10 18 25 30 37
a 3 10 18 25 30 36
a 3 10 18 25 29 36
a 3 10 18 25 29 35
a 3 10 18 25 28 35
a 3 10 18 25 28 34
a 3 10 18 25 27 34
a 3 10 19 25 27 34
a 3 10 19 26 27 34
a 3 10 20 26 27 34
a 4 10 20 26 27 34
a 4 11 20 26 27 34
a 5 11 20 26 27 34
a 5 12 20 26 27 34
a 5 12 19 26 27 34
a 5 12 19 25 27 34
a 5 12 19 25 28 34
a 5 12 19 25 28 35
a 5 12 19 25 29 35
a 5 12 19 25 29 36
a 5 12 19 25 30 36
a 5 12 19 25 30 37
a 5 12 19 25 31 37
a 5 12 19 25 31 38
a 5 12 19 25 32 38
a 5 12 19 25 32 39
a 5 12 19 25 33 39
a 5 12 18 25 33 39
a 5 12 18 24 33 39
a 5 12 17 24 33 39
a 5 12 17 23 33 39
a 5 12 17 23 32 39
a 5 12 17 23 32 38
a 5 12 17 23 31 38
a 5 12 17 23 31 37
a 5 12 17 23 30 37
a 5 12 17 23 30 36
a 5 12 17 23 29 36
a 5 12 17 23 29 35
a 5 12 17 23 28 35
a 5 12 17 23 28 34
a 5 12 17 23 27 34
a 5 12 16 23 27 34
a 5 12 16 22 27 34
a 5 12 15 22 27 34
a 5 12 15 21 27 34
a 5 12 14 21 27 34
a 6 12 14 21 27 34
a 6 13 14 21 27 34
a 7 13 14 21 27 34
