c model TJ, ST
s 1 8 14 21 27 34 40 47 53 60 66 73 79 86
t 7 13 14 21 27 34 40 47 53 60 66 73 79 86
a YES
a 1 8 14 21 27 34 40 47 53 60 66 73 79 86
a 2 8 14 21 27 34 40 47 53 60 66 73 79 86
a 2 9 14 21 27 34 40 47 53 60 66 73 79 86
a 3 9 14 21 27 34 40 47 53 60 66 73 79 86
a 3 10 14 21 27 34 40 47 53 60 66 73 79 86
a 3 10 15 21 27 34 40 47 53 60 66 73 79 86
a 3 10 15 22 27 34 40 47 53 60 66 73 79 86
a 3 10 16 22 27 34 40 47 53 60 66 73 79 86
a 3 10 16 23 27 34 40 47 53 60 66 73 79 86
a 3 10 16 23 28 34 40 47 53 60 66 73 79 86
a 3 10 16 23 28 35 40 47 53 60 66 73 79 86
a 3 10 16 23 29 35 40 47 53 60 66 73 79 86
a 3 10 16 23 29 36 40 47 53 60 66 73 79 86
a 3 10 16 23 29 36 41 47 53 60 66 73 79 86
a 3 10 16 23 29 36 41 48 53 60 66 73 79 86
a 3 10 16 23 29 36 42 48 53 60 66 73 79 86
a 3 10 16 23 29 36 42 49 53 60 66 73 79 86
a 3 10 16 23 29 36 42 49 54 60 66 73 79 86
a 3 10 16 23 29 36 42 49 54 61 66 73 79 86
a 3 10 16 23 29 36 42 49 55 61 66 73 79 86
a 3 10 16 23 29 36 42 49 55 62 66 73 79 86
a 3 10 16 23 29 36 42 49 55 62 67 73 79 86
a 3 10 16 23 29 36 42 49 55 62 67 74 79 86
a 3 10 16 23 29 36 42 49 55 62 68 74 79 86
a 3 10 16 23 29 36 42 49 55 62 68 75 79 86
a 3 10 16 23 29 36 42 49 55 62 68 75 80 86
a 3 10 16 23 29 36 42 49 55 62 68 75 80 87
a 3 10 16 23 29 36 42 49 55 62 68 75 81 87
a 3 10 16 23 29 36 42 49 55 62 68 75 81 88
a 3 10 16 23 29 36 42 49 55 62 68 75 82 88
a 3 10 16 23 29 36 42 49 55 62 68 75 82 89
a 3 10 16 23 29 36 42 49 55 62 68 75 83 89
a 3 10 16 23 29 36 42 49 55 62 68 75 83 90
a 3 10 16 23 29 36 42 49 55 62 68 75 84 90
a 3 10 16 23 29 36 42 49 55 62 68 75 84 91
a 3 10 16 23 29 36 42 49 55 62 68 75 85 91
a 3 10 16 23 29 36 42 49 55 62 69 75 85 91
a 3 10 16 23 29 36 42 49 55 62 69 76 85 91
a 3 10 16 23 29 36 42 49 55 62 70 76 85 91
a 3 10 16 23 29 36 42 49 55 62 70 77 85 91
a 3 10 16 23 29 36 42 49 55 62 70 77 84 91
a 3 10 16 23 29 36 42 49 55 62 70 77 84 90
a 3 10 16 23 29 36 42 49 55 62 70 77 83 90
a 3 10 16 23 29 36 42 49 55 62 70 77 83 89
a 3 10 16 23 29 36 42 49 55 62 70 77 82 89
a 3 10 16 23 29 36 42 49 55 62 70 77 82 88
a 3 10 16 23 29 36 42 49 55 62 70 77 81 88
a 3 10 16 23 29 36 42 49 55 62 70 77 81 87
a 3 10 16 23 29 36 42 49 55 62 70 77 80 87
a 3 10 16 23 29 36 42 49 55 62 70 77 80 86
a 3 10 16 23 29 36 42 49 55 62 70 77 79 86
a 3 10 16 23 29 36 42 49 55 62 71 77 79 86
a 3 10 16 23 29 36 42 49 55 62 71 78 79 86
a 3 10 16 23 29 36 42 49 55 62 72 78 79 86
a 3 10 16 23 29 36 42 49 56 62 72 78 79 86
a 3 10 16 23 29 36 42 49 56 63 72 78 79 86
a 3 10 16 23 29 36 42 49 57 63 72 78 79 86
a 3 10 16 23 29 36 42 49 57 64 72 78 79 86
a 3 10 16 23 29 36 42 49 57 64 71 78 79 86
a 3 10 16 23 29 36 42 49 57 64 71 77 79 86
a 3 10 16 23 29 36 42 49 57 64 71 77 80 86
a 3 10 16 23 29 36 42 49 57 64 71 77 80 87
a 3 10 16 23 29 36 42 49 57 64 71 77 81 87
a 3 10 16 23 29 36 42 49 57 64 71 77 81 88
a 3 10 16 23 29 36 42 49 57 64 71 77 82 88
a 3 10 16 23 29 36 42 49 57 64 71 77 82 89
a 3 10 16 23 29 36 42 49 57 64 71 77 83 89
a 3 10 16 23 29 36 42 49 57 64 71 77 83 90
a 3 10 16 23 29 36 42 49 57 64 71 77 84 90
a 3 10 16 23 29 36 42 49 57 64 71 77 84 91
a 3 10 16 23 29 36 42 49 57 64 71 77 85 91
a 3 10 16 23 29 36 42 49 57 64 70 77 85 91
a 3 10 16 23 29 36 42 49 57 64 70 76 85 91
a 3 10 16 23 29 36 42 49 57 64 69 76 85 91
a 3 10 16 23 29 36 42 49 57 64 69 75 85 91
a 3 10 16 23 29 36 42 49 57 64 69 75 84 91
a 3 10 16 23 29 36 42 49 57 64 69 75 84 90
a 3 10 16 23 29 36 42 49 57 64 69 75 83 90
a 3 10 16 23 29 36 42 49 57 64 69 75 83 89
a 3 10 16 23 29 36 42 49 57 64 69 75 82 89
a 3 10 16 23 29 36 42 49 57 64 69 75 82 88
a 3 10 16 23 29 36 42 49 57 64 69 75 81 88
a 3 10 16 23 29 36 42 49 57 64 69 75 81 87
a 3 10 16 23 29 36 42 49 57 64 69 75 80 87
a 3 10 16 23 29 36 42 49 57 64 69 75 80 86
a 3 10 16 23 29 36 42 49 57 64 69 75 79 86
a 3 10 16 23 29 36 42 49 57 64 68 75 79 86
a 3 10 16 23 29 36 42 49 57 64 68 74 79 86
a 3 10 16 23 29 36 42 49 57 64 67 74 79 86
a 3 10 16 23 29 36 42 49 57 64 67 73 79 86
a 3 10 16 23 29 36 42 49 57 64 66 73 79 86
a 3 10 16 23 29 36 42 49 58 64 66 73 79 86
a 3 10 16 23 29 36 42 49 58 65 66 73 79 86
a 3 10 16 23 29 36 42 49 59 65 66 73 79 86
a 3 10 16 23 29 36 43 49 59 65 66 73 79 86
a 3 10 16 23 29 36 43 50 59 65 66 73 79 86
a 3 10 16 23 29 36 44 50 59 65 66 73 79 86
a 3 10 16 23 29 36 44 51 59 65 66 73 79 86
a 3 10 16 23 29 36 44 51 58 65 66 73 79 86
a 3 10 16 23 29 36 44 51 58 64 66 73 79 86
a 3 10 16 23 29 36 44 51 58 64 67 73 79 86
a 3 10 16 23 29 36 44 51 58 64 67 74 79 86
a 3 10 16 23 29 36 44 51 58 64 68 74 79 86
a 3 10 16 23 29 36 44 51 58 64 68 75 79 86
a 3 10 16 23 29 36 44 51 58 64 68 75 80 86
a 3 10 16 23 29 36 44 51 58 64 68 75 80 87
a 3 10 16 23 29 36 44 51 58 64 68 75 81 87
a 3 10 16 23 29 36 44 51 58 64 68 75 81 88
a 3 10 16 23 29 36 44 51 58 64 68 75 82 88
a 3 10 16 23 29 36 44 51 58 64 68 75 82 89
a 3 10 16 23 29 36 44 51 58 64 68 75 83 89
a 3 10 16 23 29 36 44 51 58 64 68 75 83 90
a 3 10 16 23 29 36 44 51 58 64 68 75 84 90
a 3 10 16 23 29 36 44 51 58 64 68 75 84 91
a 3 10 16 23 29 36 44 51 58 64 68 75 85 91
a 3 10 16 23 29 36 44 51 58 64 69 75 85 91
a 3 10 16 23 29 36 44 51 58 64 69 76 85 91
a 3 10 16 23 29 36 44 51 58 64 70 76 85 91
a 3 10 16 23 29 36 44 51 58 64 70 77 85 91
a 3 10 16 23 29 36 44 51 58 64 70 77 84 91
a 3 10 16 23 29 36 44 51 58 64 70 77 84 90
a 3 10 16 23 29 36 44 51 58 64 70 77 83 90
a 3 10 16 23 29 36 44 51 58 64 70 77 83 89
a 3 10 16 23 29 36 44 51 58 64 70 77 82 89
a 3 10 16 23 29 36 44 51 58 64 70 77 82 88
a 3 10 16 23 29 36 44 51 58 64 70 77 81 88
a 3 10 16 23 29 36 44 51 58 64 70 77 81 87
a 3 10 16 23 29 36 44 51 58 64 70 77 80 87
a 3 10 16 23 29 36 44 51 58 64 70 77 80 86
a 3 10 16 23 29 36 44 51 58 64 70 77 79 86
a 3 10 16 23 29 36 44 51 58 64 71 77 79 86
a 3 10 16 23 29 36 44 51 58 64 71 78 79 86
a 3 10 16 23 29 36 44 51 58 64 72 78 79 86
a 3 10 16 23 29 36 44 51 57 64 72 78 79 86
a 3 10 16 23 29 36 44 51 57 63 72 78 79 86
a 3 10 16 23 29 36 44 51 56 63 72 78 79 86
a 3 10 16 23 29 36 44 51 56 62 72 78 79 86
a 3 10 16 23 29 36 44 51 56 62 71 78 79 86
a 3 10 16 23 29 36 44 51 56 62 71 77 79 86
a 3 10 16 23 29 36 44 51 56 62 71 77 80 86
a 3 10 16 23 29 36 44 51 56 62 71 77 80 87
a 3 10 16 23 29 36 44 51 56 62 71 77 81 87
a 3 10 16 23 29 36 44 51 56 62 71 77 81 88
a 3 10 16 23 29 36 44 51 56 62 71 77 82 88
a 3 10 16 23 29 36 44 51 56 62 71 77 82 89
a 3 10 16 23 29 36 44 51 56 62 71 77 83 89
a 3 10 16 23 29 36 44 51 56 62 71 77 83 90
a 3 10 16 23 29 36 44 51 56 62 71 77 84 90
a 3 10 16 23 29 36 44 51 56 62 71 77 84 91
a 3 10 16 23 29 36 44 51 56 62 71 77 85 91
a 3 10 16 23 29 36 44 51 56 62 70 77 85 91
a 3 10 16 23 29 36 44 51 56 62 70 76 85 91
a 3 10 16 23 29 36 44 51 56 62 69 76 85 91
a 3 10 16 23 29 36 44 51 56 62 69 75 85 91
a 3 10 16 23 29 36 44 51 56 62 69 75 84 91
a 3 10 16 23 29 36 44 51 56 62 69 75 84 90
a 3 10 16 23 29 36 44 51 56 62 69 75 83 90
a 3 10 16 23 29 36 44 51 56 62 69 75 83 89
a 3 10 16 23 29 36 44 51 56 62 69 75 82 89
a 3 10 16 23 29 36 44 51 56 62 69 75 82 88
a 3 10 16 23 29 36 44 51 56 62 69 75 81 88
a 3 10 16 23 29 36 44 51 56 62 69 75 81 87
a 3 10 16 23 29 36 44 51 56 62 69 75 80 87
a 3 10 16 23 29 36 44 51 56 62 69 75 80 86
a 3 10 16 23 29 36 44 51 56 62 69 75 79 86
a 3 10 16 23 29 36 44 51 56 62 68 75 79 86
a 3 10 16 23 29 36 44 51 56 62 68 74 79 86
a 3 10 16 23 29 36 44 51 56 62 67 74 79 86
a 3 10 16 23 29 36 44 51 56 62 67 73 79 86
a 3 10 16 23 29 36 44 51 56 62 66 73 79 86
a 3 10 16 23 29 36 44 51 55 62 66 73 79 86
a 3 10 16 23 29 36 44 51 55 61 66 73 79 86
a 3 10 16 23 29 36 44 51 54 61 66 73 79 86
a 3 10 16 23 29 36 44 51 54 60 66 73 79 86
a 3 10 16 23 29 36 44 51 53 60 66 73 79 86
a 3 10 16 23 29 36 45 51 53 60 66 73 79 86
a 3 10 16 23 29 36 45 52 53 60 66 73 79 86
a 3 10 16 23 29 36 46 52 53 60 66 73 79 86
a 3 10 16 23 30 36 46 52 53 60 66 73 79 86
a 3 10 16 23 30 37 46 52 53 60 66 73 79 86
a 3 10 16 23 31 37 46 52 53 60 66 73 79 86
a 3 10 16 23 31 38 46 52 53 60 66 73 79 86
a 3 10 16 23 31 38 45 52 53 60 66 73 79 86
a 3 10 16 23 31 38 45 51 53 60 66 73 79 86
a 3 10 16 23 31 38 45 51 54 60 66 73 79 86
a 3 10 16 23 31 38 45 51 54 61 66 73 79 86
a 3 10 16 23 31 38 45 51 55 61 66 73 79 86
a 3 10 16 23 31 38 45 51 55 62 66 73 79 86
a 3 10 16 23 31 38 45 51 55 62 67 73 79 86
a 3 10 16 23 31 38 45 51 55 62 67 74 79 86
a 3 10 16 23 31 38 45 51 55 62 68 74 79 86
a 3 10 16 23 31 38 45 51 55 62 68 75 79 86
a 3 10 16 23 31 38 45 51 55 62 68 75 80 86
a 3 10 16 23 31 38 45 51 55 62 68 75 80 87
a 3 10 16 23 31 38 45 51 55 62 68 75 81 87
a 3 10 16 23 31 38 45 51 55 62 68 75 81 88
a 3 10 16 23 31 38 45 51 55 62 68 75 82 88
a 3 10 16 23 31 38 45 51 55 62 68 75 82 89
a 3 10 16 23 31 38 45 51 55 62 68 75 83 89
a 3 10 16 23 31 38 45 51 55 62 68 75 83 90
a 3 10 16 23 31 38 45 51 55 62 68 75 84 90
a 3 10 16 23 31 38 45 51 55 62 68 75 84 91
a 3 10 16 23 31 38 45 51 55 62 68 75 85 91
a 3 10 16 23 31 38 45 51 55 62 69 75 85 91
a 3 10 16 23 31 38 45 51 55 62 69 76 85 91
a 3 10 16 23 31 38 45 51 55 62 70 76 85 91
a 3 10 16 23 31 38 45 51 55 62 70 77 85 91
a 3 10 16 23 31 38 45 51 55 62 70 77 84 91
a 3 10 16 23 31 38 45 51 55 62 70 77 84 90
a 3 10 16 23 31 38 45 51 55 62 70 77 83 90
a 3 10 16 23 31 38 45 51 55 62 70 77 83 89
a 3 10 16 23 31 38 45 51 55 62 70 77 82 89
a 3 10 16 23 31 38 45 51 55 62 70 77 82 88
a 3 10 16 23 31 38 45 51 55 62 70 77 81 88
a 3 10 16 23 31 38 45 51 55 62 70 77 81 87
a 3 10 16 23 31 38 45 51 55 62 70 77 80 87
a 3 10 16 23 31 38 45 51 55 62 70 77 80 86
a 3 10 16 23 31 38 45 51 55 62 70 77 79 86
a 3 10 16 23 31 38 45 51 55 62 71 77 79 86
a 3 10 16 23 31 38 45 51 55 62 71 78 79 86
a 3 10 16 23 31 38 45 51 55 62 72 78 79 86
a 3 10 16 23 31 38 45 51 56 62 72 78 79 86
a 3 10 16 23 31 38 45 51 56 63 72 78 79 86
a 3 10 16 23 31 38 45 51 57 63 72 78 79 86
a 3 10 16 23 31 38 45 51 57 64 72 78 79 86
a 3 10 16 23 31 38 45 51 57 64 71 78 79 86
a 3 10 16 23 31 38 45 51 57 64 71 77 79 86
a 3 10 16 23 31 38 45 51 57 64 71 77 80 86
a 3 10 16 23 31 38 45 51 57 64 71 77 80 87
a 3 10 16 23 31 38 45 51 57 64 71 77 81 87
a 3 10 16 23 31 38 45 51 57 64 71 77 81 88
a 3 10 16 23 31 38 45 51 57 64 71 77 82 88
a 3 10 16 23 31 38 45 51 57 64 71 77 82 89
a 3 10 16 23 31 38 45 51 57 64 71 77 83 89
a 3 10 16 23 31 38 45 51 57 64 71 77 83 90
a 3 10 16 23 31 38 45 51 57 64 71 77 84 90
a 3 10 16 23 31 38 45 51 57 64 71 77 84 91
a 3 10 16 23 31 38 45 51 57 64 71 77 85 91
a 3 10 16 23 31 38 45 51 57 64 70 77 85 91
a 3 10 16 23 31 38 45 51 57 64 70 76 85 91
a 3 10 16 23 31 38 45 51 57 64 69 76 85 91
a 3 10 16 23 31 38 45 51 57 64 69 75 85 91
a 3 10 16 23 31 38 45 51 57 64 69 75 84 91
a 3 10 16 23 31 38 45 51 57 64 69 75 84 90
a 3 10 16 23 31 38 45 51 57 64 69 75 83 90
a 3 10 16 23 31 38 45 51 57 64 69 75 83 89
a 3 10 16 23 31 38 45 51 57 64 69 75 82 89
a 3 10 16 23 31 38 45 51 57 64 69 75 82 88
a 3 10 16 23 31 38 45 51 57 64 69 75 81 88
a 3 10 16 23 31 38 45 51 57 64 69 75 81 87
a 3 10 16 23 31 38 45 51 57 64 69 75 80 87
a 3 10 16 23 31 38 45 51 57 64 69 75 80 86
a 3 10 16 23 31 38 45 51 57 64 69 75 79 86
a 3 10 16 23 31 38 45 51 57 64 68 75 79 86
a 3 10 16 23 31 38 45 51 57 64 68 74 79 86
a 3 10 16 23 31 38 45 51 57 64 67 74 79 86
a 3 10 16 23 31 38 45 51 57 64 67 73 79 86
a 3 10 16 23 31 38 45 51 57 64 66 73 79 86
a 3 10 16 23 31 38 45 51 58 64 66 73 79 86
a 3 10 16 23 31 38 45 51 58 65 66 73 79 86
a 3 10 16 23 31 38 45 51 59 65 66 73 79 86
a 3 10 16 23 31 38 44 51 59 65 66 73 79 86
a 3 10 16 23 31 38 44 50 59 65 66 73 79 86
a 3 10 16 23 31 38 43 50 59 65 66 73 79 86
a 3 10 16 23 31 38 43 49 59 65 66 73 79 86
a 3 10 16 23 31 38 43 49 58 65 66 73 79 86
a 3 10 16 23 31 38 43 49 58 64 66 73 79 86
a 3 10 16 23 31 38 43 49 58 64 67 73 79 86
a 3 10 16 23 31 38 43 49 58 64 67 74 79 86
a 3 10 16 23 31 38 43 49 58 64 68 74 79 86
a 3 10 16 23 31 38 43 49 58 64 68 75 79 86
a 3 10 16 23 31 38 43 49 58 64 68 75 80 86
a 3 10 16 23 31 38 43 49 58 64 68 75 80 87
a 3 10 16 23 31 38 43 49 58 64 68 75 81 87
a 3 10 16 23 31 38 43 49 58 64 68 75 81 88
a 3 10 16 23 31 38 43 49 58 64 68 75 82 88
a 3 10 16 23 31 38 43 49 58 64 68 75 82 89
a 3 10 16 23 31 38 43 49 58 64 68 75 83 89
a 3 10 16 23 31 38 43 49 58 64 68 75 83 90
a 3 10 16 23 31 38 43 49 58 64 68 75 84 90
a 3 10 16 23 31 38 43 49 58 64 68 75 84 91
a 3 10 16 23 31 38 43 49 58 64 68 75 85 91
a 3 10 16 23 31 38 43 49 58 64 69 75 85 91
a 3 10 16 23 31 38 43 49 58 64 69 76 85 91
a 3 10 16 23 31 38 43 49 58 64 70 76 85 91
a 3 10 16 23 31 38 43 49 58 64 70 77 85 91
a 3 10 16 23 31 38 43 49 58 64 70 77 84 91
a 3 10 16 23 31 38 43 49 58 64 70 77 84 90
a 3 10 16 23 31 38 43 49 58 64 70 77 83 90
a 3 10 16 23 31 38 43 49 58 64 70 77 83 89
a 3 10 16 23 31 38 43 49 58 64 70 77 82 89
a 3 10 16 23 31 38 43 49 58 64 70 77 82 88
a 3 10 16 23 31 38 43 49 58 64 70 77 81 88
a 3 10 16 23 31 38 43 49 58 64 70 77 81 87
a 3 10 16 23 31 38 43 49 58 64 70 77 80 87
a 3 10 16 23 31 38 43 49 58 64 70 77 80 86
a 3 10 16 23 31 38 43 49 58 64 70 77 79 86
a 3 10 16 23 31 38 43 49 58 64 71 77 79 86
a 3 10 16 23 31 38 43 49 58 64 71 78 79 86
a 3 10 16 23 31 38 43 49 58 64 72 78 79 86
a 3 10 16 23 31 38 43 49 57 64 72 78 79 86
a 3 10 16 23 31 38 43 49 57 63 72 78 79 86
a 3 10 16 23 31 38 43 49 56 63 72 78 79 86
a 3 10 16 23 31 38 43 49 56 62 72 78 79 86
a 3 10 16 23 31 38 43 49 56 62 71 78 79 86
a 3 10 16 23 31 38 43 49 56 62 71 77 79 86
a 3 10 16 23 31 38 43 49 56 62 71 77 80 86
a 3 10 16 23 31 38 43 49 56 62 71 77 80 87
a 3 10 16 23 31 38 43 49 56 62 71 77 81 87
a 3 10 16 23 31 38 43 49 56 62 71 77 81 88
a 3 10 16 23 31 38 43 49 56 62 71 77 82 88
a 3 10 16 23 31 38 43 49 56 62 71 77 82 89
a 3 10 16 23 31 38 43 49 56 62 71 77 83 89
a 3 10 16 23 31 38 43 49 56 62 71 77 83 90
a 3 10 16 23 31 38 43 49 56 62 71 77 84 90
a 3 10 16 23 31 38 43 49 56 62 71 77 84 91
a 3 10 16 23 31 38 43 49 56 62 71 77 85 91
a 3 10 16 23 31 38 43 49 56 62 70 77 85 91
a 3 10 16 23 31 38 43 49 56 62 70 76 85 91
a 3 10 16 23 31 38 43 49 56 62 69 76 85 91
a 3 10 16 23 31 38 43 49 56 62 69 75 85 91
a 3 10 16 23 31 38 43 49 56 62 69 75 84 91
a 3 10 16 23 31 38 43 49 56 62 69 75 84 90
a 3 10 16 23 31 38 43 49 56 62 69 75 83 90
a 3 10 16 23 31 38 43 49 56 62 69 75 83 89
a 3 10 16 23 31 38 43 49 56 62 69 75 82 89
a 3 10 16 23 31 38 43 49 56 62 69 75 82 88
a 3 10 16 23 31 38 43 49 56 62 69 75 81 88
a 3 10 16 23 31 38 43 49 56 62 69 75 81 87
a 3 10 16 23 31 38 43 49 56 62 69 75 80 87
a 3 10 16 23 31 38 43 49 56 62 69 75 80 86
a 3 10 16 23 31 38 43 49 56 62 69 75 79 86
a 3 10 16 23 31 38 43 49 56 62 68 75 79 86
a 3 10 16 23 31 38 43 49 56 62 68 74 79 86
a 3 10 16 23 31 38 43 49 56 62 67 74 79 86
a 3 10 16 23 31 38 43 49 56 62 67 73 79 86
a 3 10 16 23 31 38 43 49 56 62 66 73 79 86
a 3 10 16 23 31 38 43 49 55 62 66 73 79 86
a 3 10 16 23 31 38 43 49 55 61 66 73 79 86
a 3 10 16 23 31 38 43 49 54 61 66 73 79 86
a 3 10 16 23 31 38 43 49 54 60 66 73 79 86
a 3 10 16 23 31 38 43 49 53 60 66 73 79 86
a 3 10 16 23 31 38 42 49 53 60 66 73 79 86
a 3 10 16 23 31 38 42 48 53 60 66 73 79 86
a 3 10 16 23 31 38 41 48 53 60 66 73 79 86
a 3 10 16 23 31 38 41 47 53 60 66 73 79 86
a 3 10 16 23 31 38 40 47 53 60 66 73 79 86
a 3 10 16 23 32 38 40 47 53 60 66 73 79 86
a 3 10 16 23 32 39 40 47 53 60 66 73 79 86
a 3 10 16 23 33 39 40 47 53 60 66 73 79 86
a 3 10 17 23 33 39 40 47 53 60 66 73 79 86
a 3 10 17 24 33 39 40 47 53 60 66 73 79 86
a 3 10 18 24 33 39 40 47 53 60 66 73 79 86
a 3 10 18 25 33 39 40 47 53 60 66 73 79 86
a 3 10 18 25 32 39 40 47 53 60 66 73 79 86
a 3 10 18 25 32 38 40 47 53 60 66 73 79 86
a 3 10 18 25 32 38 41 47 53 60 66 73 79 86
a 3 10 18 25 32 38 41 48 53 60 66 73 79 86
a 3 10 18 25 32 38 42 48 53 60 66 73 79 86
a 3 10 18 25 32 38 42 49 53 60 66 73 79 86
a 3 10 18 25 32 38 42 49 54 60 66 73 79 86
a 3 10 18 25 32 38 42 49 54 61 66 73 79 86
a 3 10 18 25 32 38 42 49 55 61 66 73 79 86
a 3 10 18 25 32 38 42 49 55 62 66 73 79 86
a 3 10 18 25 32 38 42 49 55 62 67 73 79 86
a 3 10 18 25 32 38 42 49 55 62 67 74 79 86
a 3 10 18 25 32 38 42 49 55 62 68 74 79 86
a 3 10 18 25 32 38 42 49 55 62 68 75 79 86
a 3 10 18 25 32 38 42 49 55 62 68 75 80 86
a 3 10 18 25 32 38 42 49 55 62 68 75 80 87
a 3 10 18 25 32 38 42 49 55 62 68 75 81 87
a 3 10 18 25 32 38 42 49 55 62 68 75 81 88
a 3 10 18 25 32 38 42 49 55 62 68 75 82 88
a 3 10 18 25 32 38 42 49 55 62 68 75 82 89
a 3 10 18 25 32 38 42 49 55 62 68 75 83 89
a 3 10 18 25 32 38 42 49 55 62 68 75 83 90
a 3 10 18 25 32 38 42 49 55 62 68 75 84 90
a 3 10 18 25 32 38 42 49 55 62 68 75 84 91
a 3 10 18 25 32 38 42 49 55 62 68 75 85 91
a 3 10 18 25 32 38 42 49 55 62 69 75 85 91
a 3 10 18 25 32 38 42 49 55 62 69 76 85 91
a 3 10 18 25 32 38 42 49 55 62 70 76 85 91
a 3 10 18 25 32 38 42 49 55 62 70 77 85 91
a 3 10 18 25 32 38 42 49 55 62 70 77 84 91
a 3 10 18 25 32 38 42 49 55 62 70 77 84 90
a 3 10 18 25 32 38 42 49 55 62 70 77 83 90
a 3 10 18 25 32 38 42 49 55 62 70 77 83 89
a 3 10 18 25 32 38 42 49 55 62 70 77 82 89
a 3 10 18 25 32 38 42 49 55 62 70 77 82 88
a 3 10 18 25 32 38 42 49 55 62 70 77 81 88
a 3 10 18 25 32 38 42 49 55 62 70 77 81 87
a 3 10 18 25 32 38 42 49 55 62 70 77 80 87
a 3 10 18 25 32 38 42 49 55 62 70 77 80 86
a 3 10 18 25 32 38 42 49 55 62 70 77 79 86
a 3 10 18 25 32 38 42 49 55 62 71 77 79 86
a 3 10 18 25 32 38 42 49 55 62 71 78 79 86
a 3 10 18 25 32 38 42 49 55 62 72 78 79 86
a 3 10 18 25 32 38 42 49 56 62 72 78 79 86
a 3 10 18 25 32 38 42 49 56 63 72 78 79 86
a 3 10 18 25 32 38 42 49 57 63 72 78 79 86
a 3 10 18 25 32 38 42 49 57 64 72 78 79 86
a 3 10 18 25 32 38 42 49 57 64 71 78 79 86
a 3 10 18 25 32 38 42 49 57 64 71 77 79 86
a 3 10 18 25 32 38 42 49 57 64 71 77 80 86
a 3 10 18 25 32 38 42 49 57 64 71 77 80 87
a 3 10 18 25 32 38 42 49 57 64 71 77 81 87
a 3 10 18 25 32 38 42 49 57 64 71 77 81 88
a 3 10 18 25 32 38 42 49 57 64 71 77 82 88
a 3 10 18 25 32 38 42 49 57 64 71 77 82 89
a 3 10 18 25 32 38 42 49 57 64 71 77 83 89
a 3 10 18 25 32 38 42 49 57 64 71 77 83 90
a 3 10 18 25 32 38 42 49 57 64 71 77 84 90
a 3 10 18 25 32 38 42 49 57 64 71 77 84 91
a 3 10 18 25 32 38 42 49 57 64 71 77 85 91
a 3 10 18 25 32 38 42 49 57 64 70 77 85 91
a 3 10 18 25 32 38 42 49 57 64 70 76 85 91
a 3 10 18 25 32 38 42 49 57 64 69 76 85 91
a 3 10 18 25 32 38 42 49 57 64 69 75 85 91
a 3 10 18 25 32 38 42 49 57 64 69 75 84 91
a 3 10 18 25 32 38 42 49 57 64 69 75 84 90
a 3 10 18 25 32 38 42 49 57 64 69 75 83 90
a 3 10 18 25 32 38 42 49 57 64 69 75 83 89
a 3 10 18 25 32 38 42 49 57 64 69 75 82 89
a 3 10 18 25 32 38 42 49 57 64 69 75 82 88
a 3 10 18 25 32 38 42 49 57 64 69 75 81 88
a 3 10 18 25 32 38 42 49 57 64 69 75 81 87
a 3 10 18 25 32 38 42 49 57 64 69 75 80 87
a 3 10 18 25 32 38 42 49 57 64 69 75 80 86
a 3 10 18 25 32 38 42 49 57 64 69 75 79 86
a 3 10 18 25 32 38 42 49 57 64 68 75 79 86
a 3 10 18 25 32 38 42 49 57 64 68 74 79 86
a 3 10 18 25 32 38 42 49 57 64 67 74 79 86
a 3 10 18 25 32 38 42 49 57 64 67 73 79 86
a 3 10 18 25 32 38 42 49 57 64 66 73 79 86
a 3 10 18 25 32 38 42 49 58 64 66 73 79 86
a 3 10 18 25 32 38 42 49 58 65 66 73 79 86
a 3 10 18 25 32 38 42 49 59 65 66 73 79 86
a 3 10 18 25 32 38 43 49 59 65 66 73 79 86
a 3 10 18 25 32 38 43 50 59 65 66 73 79 86
a 3 10 18 25 32 38 44 50 59 65 66 73 79 86
a 3 10 18 25 32 38 44 51 59 65 66 73 79 86
a 3 10 18 25 32 38 44 51 58 65 66 73 79 86
a 3 10 18 25 32 38 44 51 58 64 66 73 79 86
a 3 10 18 25 32 38 44 51 58 64 67 73 79 86
a 3 10 18 25 32 38 44 51 58 64 67 74 79 86
a 3 10 18 25 32 38 44 51 58 64 68 74 79 86
a 3 10 18 25 32 38 44 51 58 64 68 75 79 86
a 3 10 18 25 32 38 44 51 58 64 68 75 80 86
a 3 10 18 25 32 38 44 51 58 64 68 75 80 87
a 3 10 18 25 32 38 44 51 58 64 68 75 81 87
a 3 10 18 25 32 38 44 51 58 64 68 75 81 88
a 3 10 18 25 32 38 44 51 58 64 68 75 82 88
a 3 10 18 25 32 38 44 51 58 64 68 75 82 89
a 3 10 18 25 32 38 44 51 58 64 68 75 83 89
a 3 10 18 25 32 38 44 51 58 64 68 75 83 90
a 3 10 18 25 32 38 44 51 58 64 68 75 84 90
a 3 10 18 25 32 38 44 51 58 64 68 75 84 91
a 3 10 18 25 32 38 44 51 58 64 68 75 85 91
a 3 10 18 25 32 38 44 51 58 64 69 75 85 91
a 3 10 18 25 32 38 44 51 58 64 69 76 85 91
a 3 10 18 25 32 38 44 51 58 64 70 76 85 91
a 3 10 18 25 32 38 44 51 58 64 70 77 85 91
a 3 10 18 25 32 38 44 51 58 64 70 77 84 91
a 3 10 18 25 32 38 44 51 58 64 70 77 84 90
a 3 10 18 25 32 38 44 51 58 64 70 77 83 90
a 3 10 18 25 32 38 44 51 58 64 70 77 83 89
a 3 10 18 25 32 38 44 51 58 64 70 77 82 89
a 3 10 18 25 32 38 44 51 58 64 70 77 82 88
a 3 10 18 25 32 38 44 51 58 64 70 77 81 88
a 3 10 18 25 32 38 44 51 58 64 70 77 81 87
a 3 10 18 25 32 38 44 51 58 64 70 77 80 87
a 3 10 18 25 32 38 44 51 58 64 70 77 80 86
a 3 10 18 25 32 38 44 51 58 64 70 77 79 86
a 3 10 18 25 32 38 44 51 58 64 71 77 79 86
a 3 10 18 25 32 38 44 51 58 64 71 78 79 86
a 3 10 18 25 32 38 44 51 58 64 72 78 79 86
a 3 10 18 25 32 38 44 51 57 64 72 78 79 86
a 3 10 18 25 32 38 44 51 57 63 72 78 79 86
a 3 10 18 25 32 38 44 51 56 63 72 78 79 86
a 3 10 18 25 32 38 44 51 56 62 72 78 79 86
a 3 10 18 25 32 38 44 51 56 62 71 78 79 86
a 3 10 18 25 32 38 44 51 56 62 71 77 79 86
a 3 10 18 25 32 38 44 51 56 62 71 77 80 86
a 3 10 18 25 32 38 44 51 56 62 71 77 80 87
a 3 10 18 25 32 38 44 51 56 62 71 77 81 87
a 3 10 18 25 32 38 44 51 56 62 71 77 81 88
a 3 10 18 25 32 38 44 51 56 62 71 77 82 88
a 3 10 18 25 32 38 44 51 56 62 71 77 82 89
a 3 10 18 25 32 38 44 51 56 62 71 77 83 89
a 3 10 18 25 32 38 44 51 56 62 71 77 83 90
a 3 10 18 25 32 38 44 51 56 62 71 77 84 90
a 3 10 18 25 32 38 44 51 56 62 71 77 84 91
a 3 10 18 25 32 38 44 51 56 62 71 77 85 91
a 3 10 18 25 32 38 44 51 56 62 70 77 85 91
a 3 10 18 25 32 38 44 51 56 62 70 76 85 91
a 3 10 18 25 32 38 44 51 56 62 69 76 85 91
a 3 10 18 25 32 38 44 51 56 62 69 75 85 91
a 3 10 18 25 32 38 44 51 56 62 69 75 84 91
a 3 10 18 25 32 38 44 51 56 62 69 75 84 90
a 3 10 18 25 32 38 44 51 56 62 69 75 83 90
a 3 10 18 25 32 38 44 51 56 62 69 75 83 89
a 3 10 18 25 32 38 44 51 56 62 69 75 82 89
a 3 10 18 25 32 38 44 51 56 62 69 75 82 88
a 3 10 18 25 32 38 44 51 56 62 69 75 81 88
a 3 10 18 25 32 38 44 51 56 62 69 75 81 87
a 3 10 18 25 32 38 44 51 56 62 69 75 80 87
a 3 10 18 25 32 38 44 51 56 62 69 75 80 86
a 3 10 18 25 32 38 44 51 56 62 69 75 79 86
a 3 10 18 25 32 38 44 51 56 62 68 75 79 86
a 3 10 18 25 32 38 44 51 56 62 68 74 79 86
a 3 10 18 25 32 38 44 51 56 62 67 74 79 86
a 3 10 18 25 32 38 44 51 56 62 67 73 79 86
a 3 10 18 25 32 38 44 51 56 62 66 73 79 86
a 3 10 18 25 32 38 44 51 55 62 66 73 79 86
a 3 10 18 25 32 38 44 51 55 61 66 73 79 86
a 3 10 18 25 32 38 44 51 54 61 66 73 79 86
a 3 10 18 25 32 38 44 51 54 60 66 73 79 86
a 3 10 18 25 32 38 44 51 53 60 66 73 79 86
a 3 10 18 25 32 38 45 51 53 60 66 73 79 86
a 3 10 18 25 32 38 45 52 53 60 66 73 79 86
a 3 10 18 25 32 38 46 52 53 60 66 73 79 86
a 3 10 18 25 31 38 46 52 53 60 66 73 79 86
a 3 10 18 25 31 37 46 52 53 60 66 73 79 86
a 3 10 18 25 30 37 46 52 53 60 66 73 79 86
a 3 10 18 25 30 36 46 52 53 60 66 73 79 86
a 3 10 18 25 30 36 45 52 53 60 66 73 79 86
a 3 10 18 25 30 36 45 51 53 60 66 73 79 86
a 3 10 18 25 30 36 45 51 54 60 66 73 79 86
a 3 10 18 25 30 36 45 51 54 61 66 73 79 86
a 3 10 18 25 30 36 45 51 55 61 66 73 79 86
a 3 10 18 25 30 36 45 51 55 62 66 73 79 86
a 3 10 18 25 30 36 45 51 55 62 67 73 79 86
a 3 10 18 25 30 36 45 51 55 62 67 74 79 86
a 3 10 18 25 30 36 45 51 55 62 68 74 79 86
a 3 10 18 25 30 36 45 51 55 62 68 75 79 86
a 3 10 18 25 30 36 45 51 55 62 68 75 80 86
a 3 10 18 25 30 36 45 51 55 62 68 75 80 87
a 3 10 18 25 30 36 45 51 55 62 68 75 81 87
a 3 10 18 25 30 36 45 51 55 62 68 75 81 88
a 3 10 18 25 30 36 45 51 55 62 68 75 82 88
a 3 10 18 25 30 36 45 51 55 62 68 75 82 89
a 3 10 18 25 30 36 45 51 55 62 68 75 83 89
a 3 10 18 25 30 36 45 51 55 62 68 75 83 90
a 3 10 18 25 30 36 45 51 55 62 68 75 84 90
a 3 10 18 25 30 36 45 51 55 62 68 75 84 91
a 3 10 18 25 30 36 45 51 55 62 68 75 85 91
a 3 10 18 25 30 36 45 51 55 62 69 75 85 91
a 3 10 18 25 30 36 45 51 55 62 69 76 85 91
a 3 10 18 25 30 36 45 51 55 62 70 76 85 91
a 3 10 18 25 30 36 45 51 55 62 70 77 85 91
a 3 10 18 25 30 36 45 51 55 62 70 77 84 91
a 3 10 18 25 30 36 45 51 55 62 70 77 84 90
a 3 10 18 25 30 36 45 51 55 62 70 77 83 90
a 3 10 18 25 30 36 45 51 55 62 70 77 83 89
a 3 10 18 25 30 36 45 51 55 62 70 77 82 89
a 3 10 18 25 30 36 45 51 55 62 70 77 82 88
a 3 10 18 25 30 36 45 51 55 62 70 77 81 88
a 3 10 18 25 30 36 45 51 55 62 70 77 81 87
a 3 10 18 25 30 36 45 51 55 62 70 77 80 87
a 3 10 18 25 30 36 45 51 55 62 70 77 80 86
a 3 10 18 25 30 36 45 51 55 62 70 77 79 86
a 3 10 18 25 30 36 45 51 55 62 71 77 79 86
a 3 10 18 25 30 36 45 51 55 62 71 78 79 86
a 3 10 18 25 30 36 45 51 55 62 72 78 79 86
a 3 10 18 25 30 36 45 51 56 62 72 78 79 86
a 3 10 18 25 30 36 45 51 56 63 72 78 79 86
a 3 10 18 25 30 36 45 51 57 63 72 78 79 86
a 3 10 18 25 30 36 45 51 57 64 72 78 79 86
a 3 10 18 25 30 36 45 51 57 64 71 78 79 86
a 3 10 18 25 30 36 45 51 57 64 71 77 79 86
a 3 10 18 25 30 36 45 51 57 64 71 77 80 86
a 3 10 18 25 30 36 45 51 57 64 71 77 80 87
a 3 10 18 25 30 36 45 51 57 64 71 77 81 87
a 3 10 18 25 30 36 45 51 57 64 71 77 81 88
a 3 10 18 25 30 36 45 51 57 64 71 77 82 88
a 3 10 18 25 30 36 45 51 57 64 71 77 82 89
a 3 10 18 25 30 36 45 51 57 64 71 77 83 89
a 3 10 18 25 30 36 45 51 57 64 71 77 83 90
a 3 10 18 25 30 36 45 51 57 64 71 77 84 90
a 3 10 18 25 30 36 45 51 57 64 71 77 84 91
a 3 10 18 25 30 36 45 51 57 64 71 77 85 91
a 3 10 18 25 30 36 45 51 57 64 70 77 85 91
a 3 10 18 25 30 36 45 51 57 64 70 76 85 91
a 3 10 18 25 30 36 45 51 57 64 69 76 85 91
a 3 10 18 25 30 36 45 51 57 64 69 75 85 91
a 3 10 18 25 30 36 45 51 57 64 69 75 84 91
a 3 10 18 25 30 36 45 51 57 64 69 75 84 90
a 3 10 18 25 30 36 45 51 57 64 69 75 83 90
a 3 10 18 25 30 36 45 51 57 64 69 75 83 89
a 3 10 18 25 30 36 45 51 57 64 69 75 82 89
a 3 10 18 25 30 36 45 51 57 64 69 75 82 88
a 3 10 18 25 30 36 45 51 57 64 69 75 81 88
a 3 10 18 25 30 36 45 51 57 64 69 75 81 87
a 3 10 18 25 30 36 45 51 57 64 69 75 80 87
a 3 10 18 25 30 36 45 51 57 64 69 75 80 86
a 3 10 18 25 30 36 45 51 57 64 69 75 79 86
a 3 10 18 25 30 36 45 51 57 64 68 75 79 86
a 3 10 18 25 30 36 45 51 57 64 68 74 79 86
a 3 10 18 25 30 36 45 51 57 64 67 74 79 86
a 3 10 18 25 30 36 45 51 57 64 67 73 79 86
a 3 10 18 25 30 36 45 51 57 64 66 73 79 86
a 3 10 18 25 30 36 45 51 58 64 66 73 79 86
a 3 10 18 25 30 36 45 51 58 65 66 73 79 86
a 3 10 18 25 30 36 45 51 59 65 66 73 79 86
a 3 10 18 25 30 36 44 51 59 65 66 73 79 86
a 3 10 18 25 30 36 44 50 59 65 66 73 79 86
a 3 10 18 25 30 36 43 50 59 65 66 73 79 86
a 3 10 18 25 30 36 43 49 59 65 66 73 79 86
a 3 10 18 25 30 36 43 49 58 65 66 73 79 86
a 3 10 18 25 30 36 43 49 58 64 66 73 79 86
a 3 10 18 25 30 36 43 49 58 64 67 73 79 86
a 3 10 18 25 30 36 43 49 58 64 67 74 79 86
a 3 10 18 25 30 36 43 49 58 64 68 74 79 86
a 3 10 18 25 30 36 43 49 58 64 68 75 79 86
a 3 10 18 25 30 36 43 49 58 64 68 75 80 86
a 3 10 18 25 30 36 43 49 58 64 68 75 80 87
a 3 10 18 25 30 36 43 49 58 64 68 75 81 87
a 3 10 18 25 30 36 43 49 58 64 68 75 81 88
a 3 10 18 25 30 36 43 49 58 64 68 75 82 88
a 3 10 18 25 30 36 43 49 58 64 68 75 82 89
a 3 10 18 25 30 36 43 49 58 64 68 75 83 89
a 3 10 18 25 30 36 43 49 58 64 68 75 83 90
a 3 10 18 25 30 36 43 49 58 64 68 75 84 90
a 3 10 18 25 30 36 43 49 58 64 68 75 84 91
a 3 10 18 25 30 36 43 49 58 64 68 75 85 91
a 3 10 18 25 30 36 43 49 58 64 69 75 85 91
a 3 10 18 25 30 36 43 49 58 64 69 76 85 91
a 3 10 18 25 30 36 43 49 58 64 70 76 85 91
a 3 10 18 25 30 36 43 49 58 64 70 77 85 91
a 3 10 18 25 30 36 43 49 58 64 70 77 84 91
a 3 10 18 25 30 36 43 49 58 64 70 77 84 90
a 3 10 18 25 30 36 43 49 58 64 70 77 83 90
a 3 10 18 25 30 36 43 49 58 64 70 77 83 89
a 3 10 18 25 30 36 43 49 58 64 70 77 82 89
a 3 10 18 25 30 36 43 49 58 64 70 77 82 88
a 3 10 18 25 30 36 43 49 58 64 70 77 81 88
a 3 10 18 25 30 36 43 49 58 64 70 77 81 87
a 3 10 18 25 30 36 43 49 58 64 70 77 80 87
a 3 10 18 25 30 36 43 49 58 64 70 77 80 86
a 3 10 18 25 30 36 43 49 58 64 70 77 79 86
a 3 10 18 25 30 36 43 49 58 64 71 77 79 86
a 3 10 18 25 30 36 43 49 58 64 71 78 79 86
a 3 10 18 25 30 36 43 49 58 64 72 78 79 86
a 3 10 18 25 30 36 43 49 57 64 72 78 79 86
a 3 10 18 25 30 36 43 49 57 63 72 78 79 86
a 3 10 18 25 30 36 43 49 56 63 72 78 79 86
a 3 10 18 25 30 36 43 49 56 62 72 78 79 86
a 3 10 18 25 30 36 43 49 56 62 71 78 79 86
a 3 10 18 25 30 36 43 49 56 62 71 77 79 86
a 3 10 18 25 30 36 43 49 56 62 71 77 80 86
a 3 10 18 25 30 36 43 49 56 62 71 77 80 87
a 3 10 18 25 30 36 43 49 56 62 71 77 81 87
a 3 10 18 25 30 36 43 49 56 62 71 77 81 88
a 3 10 18 25 30 36 43 49 56 62 71 77 82 88
a 3 10 18 25 30 36 43 49 56 62 71 77 82 89
a 3 10 18 25 30 36 43 49 56 62 71 77 83 89
a 3 10 18 25 30 36 43 49 56 62 71 77 83 90
a 3 10 18 25 30 36 43 49 56 62 71 77 84 90
a 3 10 18 25 30 36 43 49 56 62 71 77 84 91
a 3 10 18 25 30 36 43 49 56 62 71 77 85 91
a 3 10 18 25 30 36 43 49 56 62 70 77 85 91
a 3 10 18 25 30 36 43 49 56 62 70 76 85 91
a 3 10 18 25 30 36 43 49 56 62 69 76 85 91
a 3 10 18 25 30 36 43 49 56 62 69 75 85 91
a 3 10 18 25 30 36 43 49 56 62 69 75 84 91
a 3 10 18 25 30 36 43 49 56 62 69 75 84 90
a 3 10 18 25 30 36 43 49 56 62 69 75 83 90
a 3 10 18 25 30 36 43 49 56 62 69 75 83 89
a 3 10 18 25 30 36 43 49 56 62 69 75 82 89
a 3 10 18 25 30 36 43 49 56 62 69 75 82 88
a 3 10 18 25 30 36 43 49 56 62 69 75 81 88
a 3 10 18 25 30 36 43 49 56 62 69 75 81 87
a 3 10 18 25 30 36 43 49 56 62 69 75 80 87
a 3 10 18 25 30 36 43 49 56 62 69 75 80 86
a 3 10 18 25 30 36 43 49 56 62 69 75 79 86
a 3 10 18 25 30 36 43 49 56 62 68 75 79 86
a 3 10 18 25 30 36 43 49 56 62 68 74 79 86
a 3 10 18 25 30 36 43 49 56 62 67 74 79 86
a 3 10 18 25 30 36 43 49 56 62 67 73 79 86
a 3 10 18 25 30 36 43 49 56 62 66 73 79 86
a 3 10 18 25 30 36 43 49 55 62 66 73 79 86
a 3 10 18 25 30 36 43 49 55 61 66 73 79 86
a 3 10 18 25 30 36 43 49 54 61 66 73 79 86
a 3 10 18 25 30 36 43 49 54 60 66 73 79 86
a 3 10 18 25 30 36 43 49 53 60 66 73 79 86
a 3 10 18 25 30 36 42 49 53 60 66 73 79 86
a 3 10 18 25 30 36 42 48 53 60 66 73 79 86
a 3 10 18 25 30 36 41 48 53 60 66 73 79 86
a 3 10 18 25 30 36 41 47 53 60 66 73 79 86
a 3 10 18 25 30 36 40 47 53 60 66 73 79 86
a 3 10 18 25 29 36 40 47 53 60 66 73 79 86
a 3 10 18 25 29 35 40 47 53 60 66 73 79 86
a 3 10 18 25 28 35 40 47 53 60 66 73 79 86
a 3 10 18 25 28 34 40 47 53 60 66 73 79 86
a 3 10 18 25 27 34 40 47 53 60 66 73 79 86
a 3 10 19 25 27 34 40 47 53 60 66 73 79 86
a 3 10 19 26 27 34 40 47 53 60 66 73 79 86
a 3 10 20 26 27 34 40 47 53 60 66 73 79 86
a 4 10 20 26 27 34 40 47 53 60 66 73 79 86
a 4 11 20 26 27 34 40 47 53 60 66 73 79 86
a 5 11 20 26 27 34 40 47 53 60 66 73 79 86
a 5 12 20 26 27 34 40 47 53 60 66 73 79 86
a 5 12 19 26 27 34 40 47 53 60 66 73 79 86
a 5 12 19 25 27 34 40 47 53 60 66 73 79 86
a 5 12 19 25 28 34 40 47 53 60 66 73 79 86
a 5 12 19 25 28 35 40 47 53 60 66 73 79 86
a 5 12 19 25 29 35 40 47 53 60 66 73 79 86
a 5 12 19 25 29 36 40 47 53 60 66 73 79 86
a 5 12 19 25 29 36 41 47 53 60 66 73 79 86
a 5 12 19 25 29 36 41 48 53 60 66 73 79 86
a 5 12 19 25 29 36 42 48 53 60 66 73 79 86
a 5 12 19 25 29 36 42 49 53 60 66 73 79 86
a 5 12 19 25 29 36 42 49 54 60 66 73 79 86
a 5 12 19 25 29 36 42 49 54 61 66 73 79 86
a 5 12 19 25 29 36 42 49 55 61 66 73 79 86
a 5 12 19 25 29 36 42 49 55 62 66 73 79 86
a 5 12 19 25 29 36 42 49 55 62 67 73 79 86
a 5 12 19 25 29 36 42 49 55 62 67 74 79 86
a 5 12 19 25 29 36 42 49 55 62 68 74 79 86
a 5 12 19 25 29 36 42 49 55 62 68 75 79 86
a 5 12 19 25 29 36 42 49 55 62 68 75 80 86
a 5 12 19 25 29 36 42 49 55 62 68 75 80 87
a 5 12 19 25 29 36 42 49 55 62 68 75 81 87
a 5 12 19 25 29 36 42 49 55 62 68 75 81 88
a 5 12 19 25 29 36 42 49 55 62 68 75 82 88
a 5 12 19 25 29 36 42 49 55 62 68 75 82 89
a 5 12 19 25 29 36 42 49 55 62 68 75 83 89
a 5 12 19 25 29 36 42 49 55 62 68 75 83 90
a 5 12 19 25 29 36 42 49 55 62 68 75 84 90
a 5 12 19 25 29 36 42 49 55 62 68 75 84 91
a 5 12 19 25 29 36 42 49 55 62 68 75 85 91
a 5 12 19 25 29 36 42 49 55 62 69 75 85 91
a 5 12 19 25 29 36 42 49 55 62 69 76 85 91
a 5 12 19 25 29 36 42 49 55 62 70 76 85 91
a 5 12 19 25 29 36 42 49 55 62 70 77 85 91
a 5 12 19 25 29 36 42 49 55 62 70 77 84 91
a 5 12 19 25 29 36 42 49 55 62 70 77 84 90
a 5 12 19 25 29 36 42 49 55 62 70 77 83 90
a 5 12 19 25 29 36 42 49 55 62 70 77 83 89
a 5 12 19 25 29 36 42 49 55 62 70 77 82 89
a 5 12 19 25 29 36 42 49 55 62 70 77 82 88
a 5 12 19 25 29 36 42 49 55 62 70 77 81 88
a 5 12 19 25 29 36 42 49 55 62 70 77 81 87
a 5 12 19 25 29 36 42 49 55 62 70 77 80 87
a 5 12 19 25 29 36 42 49 55 62 70 77 80 86
a 5 12 19 25 29 36 42 49 55 62 70 77 79 86
a 5 12 19 25 29 36 42 49 55 62 71 77 79 86
a 5 12 19 25 29 36 42 49 55 62 71 78 79 86
a 5 12 19 25 29 36 42 49 55 62 72 78 79 86
a 5 12 19 25 29 36 42 49 56 62 72 78 79 86
a 5 12 19 25 29 36 42 49 56 63 72 78 79 86
a 5 12 19 25 29 36 42 49 57 63 72 78 79 86
a 5 12 19 25 29 36 42 49 57 64 72 78 79 86
a 5 12 19 25 29 36 42 49 57 64 71 78 79 86
a 5 12 19 25 29 36 42 49 57 64 71 77 79 86
a 5 12 19 25 29 36 42 49 57 64 71 77 80 86
a 5 12 19 25 29 36 42 49 57 64 71 77 80 87
a 5 12 19 25 29 36 42 49 57 64 71 77 81 87
a 5 12 19 25 29 36 42 49 57 64 71 77 81 88
a 5 12 19 25 29 36 42 49 57 64 71 77 82 88
a 5 12 19 25 29 36 42 49 57 64 71 77 82 89
a 5 12 19 25 29 36 42 49 57 64 71 77 83 89
a 5 12 19 25 29 36 42 49 57 64 71 77 83 90
a 5 12 19 25 29 36 42 49 57 64 71 77 84 90
a 5 12 19 25 29 36 42 49 57 64 71 77 84 91
a 5 12 19 25 29 36 42 49 57 64 71 77 85 91
a 5 12 19 25 29 36 42 49 57 64 70 77 85 91
a 5 12 19 25 29 36 42 49 57 64 70 76 85 91
a 5 12 19 25 29 36 42 49 57 64 69 76 85 91
a 5 12 19 25 29 36 42 49 57 64 69 75 85 91
a 5 12 19 25 29 36 42 49 57 64 69 75 84 91
a 5 12 19 25 29 36 42 49 57 64 69 75 84 90
a 5 12 19 25 29 36 42 49 57 64 69 75 83 90
a 5 12 19 25 29 36 42 49 57 64 69 75 83 89
a 5 12 19 25 29 36 42 49 57 64 69 75 82 89
a 5 12 19 25 29 36 42 49 57 64 69 75 82 88
a 5 12 19 25 29 36 42 49 57 64 69 75 81 88
a 5 12 19 25 29 36 42 49 57 64 69 75 81 87
a 5 12 19 25 29 36 42 49 57 64 69 75 80 87
a 5 12 19 25 29 36 42 49 57 64 69 75 80 86
a 5 12 19 25 29 36 42 49 57 64 69 75 79 86
a 5 12 19 25 29 36 42 49 57 64 68 75 79 86
a 5 12 19 25 29 36 42 49 57 64 68 74 79 86
a 5 12 19 25 29 36 42 49 57 64 67 74 79 86
a 5 12 19 25 29 36 42 49 57 64 67 73 79 86
a 5 12 19 25 29 36 42 49 57 64 66 73 79 86
a 5 12 19 25 29 36 42 49 58 64 66 73 79 86
a 5 12 19 25 29 36 42 49 58 65 66 73 79 86
a 5 12 19 25 29 36 42 49 59 65 66 73 79 86
a 5 12 19 25 29 36 43 49 59 65 66 73 79 86
a 5 12 19 25 29 36 43 50 59 65 66 73 79 86
a 5 12 19 25 29 36 44 50 59 65 66 73 79 86
a 5 12 19 25 29 36 44 51 59 65 66 73 79 86
a 5 12 19 25 29 36 44 51 58 65 66 73 79 86
a 5 12 19 25 29 36 44 51 58 64 66 73 79 86
a 5 12 19 25 29 36 44 51 58 64 67 73 79 86
a 5 12 19 25 29 36 44 51 58 64 67 74 79 86
a 5 12 19 25 29 36 44 51 58 64 68 74 79 86
a 5 12 19 25 29 36 44 51 58 64 68 75 79 86
a 5 12 19 25 29 36 44 51 58 64 68 75 80 86
a 5 12 19 25 29 36 44 51 58 64 68 75 80 87
a 5 12 19 25 29 36 44 51 58 64 68 75 81 87
a 5 12 19 25 29 36 44 51 58 64 68 75 81 88
a 5 12 19 25 29 36 44 51 58 64 68 75 82 88
a 5 12 19 25 29 36 44 51 58 64 68 75 82 89
a 5 12 19 25 29 36 44 51 58 64 68 75 83 89
a 5 12 19 25 29 36 44 51 58 64 68 75 83 90
a 5 12 19 25 29 36 44 51 58 64 68 75 84 90
a 5 12 19 25 29 36 44 51 58 64 68 75 84 91
a 5 12 19 25 29 36 44 51 58 64 68 75 85 91
a 5 12 19 25 29 36 44 51 58 64 69 75 85 91
a 5 12 19 25 29 36 44 51 58 64 69 76 85 91
a 5 12 19 25 29 36 44 51 58 64 70 76 85 91
a 5 12 19 25 29 36 44 51 58 64 70 77 85 91
a 5 12 19 25 29 36 44 51 58 64 70 77 84 91
a 5 12 19 25 29 36 44 51 58 64 70 77 84 90
a 5 12 19 25 29 36 44 51 58 64 70 77 83 90
a 5 12 19 25 29 36 44 51 58 64 70 77 83 89
a 5 12 19 25 29 36 44 51 58 64 70 77 82 89
a 5 12 19 25 29 36 44 51 58 64 70 77 82 88
a 5 12 19 25 29 36 44 51 58 64 70 77 81 88
a 5 12 19 25 29 36 44 51 58 64 70 77 81 87
a 5 12 19 25 29 36 44 51 58 64 70 77 80 87
a 5 12 19 25 29 36 44 51 58 64 70 77 80 86
a 5 12 19 25 29 36 44 51 58 64 70 77 79 86
a 5 12 19 25 29 36 44 51 58 64 71 77 79 86
a 5 12 19 25 29 36 44 51 58 64 71 78 79 86
a 5 12 19 25 29 36 44 51 58 64 72 78 79 86
a 5 12 19 25 29 36 44 51 57 64 72 78 79 86
a 5 12 19 25 29 36 44 51 57 63 72 78 79 86
a 5 12 19 25 29 36 44 51 56 63 72 78 79 86
a 5 12 19 25 29 36 44 51 56 62 72 78 79 86
a 5 12 19 25 29 36 44 51 56 62 71 78 79 86
a 5 12 19 25 29 36 44 51 56 62 71 77 79 86
a 5 12 19 25 29 36 44 51 56 62 71 77 80 86
a 5 12 19 25 29 36 44 51 56 62 71 77 80 87
a 5 12 19 25 29 36 44 51 56 62 71 77 81 87
a 5 12 19 25 29 36 44 51 56 62 71 77 81 88
a 5 12 19 25 29 36 44 51 56 62 71 77 82 88
a 5 12 19 25 29 36 44 51 56 62 71 77 82 89
a 5 12 19 25 29 36 44 51 56 62 71 77 83 89
a 5 12 19 25 29 36 44 51 56 62 71 77 83 90
a 5 12 19 25 29 36 44 51 56 62 71 77 84 90
a 5 12 19 25 29 36 44 51 56 62 71 77 84 91
a 5 12 19 25 29 36 44 51 56 62 71 77 85 91
a 5 12 19 25 29 36 44 51 56 62 70 77 85 91
a 5 12 19 25 29 36 44 51 56 62 70 76 85 91
a 5 12 19 25 29 36 44 51 56 62 69 76 85 91
a 5 12 19 25 29 36 44 51 56 62 69 75 85 91
a 5 12 19 25 29 36 44 51 56 62 69 75 84 91
a 5 12 19 25 29 36 44 51 56 62 69 75 84 90
a 5 12 19 25 29 36 44 51 56 62 69 75 83 90
a 5 12 19 25 29 36 44 51 56 62 69 75 83 89
a 5 12 19 25 29 36 44 51 56 62 69 75 82 89
a 5 12 19 25 29 36 44 51 56 62 69 75 82 88
a 5 12 19 25 29 36 44 51 56 62 69 75 81 88
a 5 12 19 25 29 36 44 51 56 62 69 75 81 87
a 5 12 19 25 29 36 44 51 56 62 69 75 80 87
a 5 12 19 25 29 36 44 51 56 62 69 75 80 86
a 5 12 19 25 29 36 44 51 56 62 69 75 79 86
a 5 12 19 25 29 36 44 51 56 62 68 75 79 86
a 5 12 19 25 29 36 44 51 56 62 68 74 79 86
a 5 12 19 25 29 36 44 51 56 62 67 74 79 86
a 5 12 19 25 29 36 44 51 56 62 67 73 79 86
a 5 12 19 25 29 36 44 51 56 62 66 73 79 86
a 5 12 19 25 29 36 44 51 55 62 66 73 79 86
a 5 12 19 25 29 36 44 51 55 61 66 73 79 86
a 5 12 19 25 29 36 44 51 54 61 66 73 79 86
a 5 12 19 25 29 36 44 51 54 60 66 73 79 86
a 5 12 19 25 29 36 44 51 53 60 66 73 79 86
a 5 12 19 25 29 36 45 51 53 60 66 73 79 86
a 5 12 19 25 29 36 45 52 53 60 66 73 79 86
a 5 12 19 25 29 36 46 52 53 60 66 73 79 86
a 5 12 19 25 30 36 46 52 53 60 66 73 79 86
a 5 12 19 25 30 37 46 52 53 60 66 73 79 86
a 5 12 19 25 31 37 46 52 53 60 66 73 79 86
a 5 12 19 25 31 38 46 52 53 60 66 73 79 86
a 5 12 19 25 31 38 45 52 53 60 66 73 79 86
a 5 12 19 25 31 38 45 51 53 60 66 73 79 86
a 5 12 19 25 31 38 45 51 54 60 66 73 79 86
a 5 12 19 25 31 38 45 51 54 61 66 73 79 86
a 5 12 19 25 31 38 45 51 55 61 66 73 79 86
a 5 12 19 25 31 38 45 51 55 62 66 73 79 86
a 5 12 19 25 31 38 45 51 55 62 67 73 79 86
a 5 12 19 25 31 38 45 51 55 62 67 74 79 86
a 5 12 19 25 31 38 45 51 55 62 68 74 79 86
a 5 12 19 25 31 38 45 51 55 62 68 75 79 86
a 5 12 19 25 31 38 45 51 55 62 68 75 80 86
a 5 12 19 25 31 38 45 51 55 62 68 75 80 87
a 5 12 19 25 31 38 45 51 55 62 68 75 81 87
a 5 12 19 25 31 38 45 51 55 62 68 75 81 88
a 5 12 19 25 31 38 45 51 55 62 68 75 82 88
a 5 12 19 25 31 38 45 51 55 62 68 75 82 89
a 5 12 19 25 31 38 45 51 55 62 68 75 83 89
a 5 12 19 25 31 38 45 51 55 62 68 75 83 90
a 5 12 19 25 31 38 45 51 55 62 68 75 84 90
a 5 12 19 25 31 38 45 51 55 62 68 75 84 91
a 5 12 19 25 31 38 45 51 55 62 68 75 85 91
a 5 12 19 25 31 38 45 51 55 62 69 75 85 91
a 5 12 19 25 31 38 45 51 55 62 69 76 85 91
a 5 12 19 25 31 38 45 51 55 62 70 76 85 91
a 5 12 19 25 31 38 45 51 55 62 70 77 85 91
a 5 12 19 25 31 38 45 51 55 62 70 77 84 91
a 5 12 19 25 31 38 45 51 55 62 70 77 84 90
a 5 12 19 25 31 38 45 51 55 62 70 77 83 90
a 5 12 19 25 31 38 45 51 55 62 70 77 83 89
a 5 12 19 25 31 38 45 51 55 62 70 77 82 89
a 5 12 19 25 31 38 45 51 55 62 70 77 82 88
a 5 12 19 25 31 38 45 51 55 62 70 77 81 88
a 5 12 19 25 31 38 45 51 55 62 70 77 81 87
a 5 12 19 25 31 38 45 51 55 62 70 77 80 87
a 5 12 19 25 31 38 45 51 55 62 70 77 80 86
a 5 12 19 25 31 38 45 51 55 62 70 77 79 86
a 5 12 19 25 31 38 45 51 55 62 71 77 79 86
a 5 12 19 25 31 38 45 51 55 62 71 78 79 86
a 5 12 19 25 31 38 45 51 55 62 72 78 79 86
a 5 12 19 25 31 38 45 51 56 62 72 78 79 86
a 5 12 19 25 31 38 45 51 56 63 72 78 79 86
a 5 12 19 25 31 38 45 51 57 63 72 78 79 86
a 5 12 19 25 31 38 45 51 57 64 72 78 79 86
a 5 12 19 25 31 38 45 51 57 64 71 78 79 86
a 5 12 19 25 31 38 45 51 57 64 71 77 79 86
a 5 12 19 25 31 38 45 51 57 64 71 77 80 86
a 5 12 19 25 31 38 45 51 57 64 71 77 80 87
a 5 12 19 25 31 38 45 51 57 64 71 77 81 87
a 5 12 19 25 31 38 45 51 57 64 71 77 81 88
a 5 12 19 25 31 38 45 51 57 64 71 77 82 88
a 5 12 19 25 31 38 45 51 57 64 71 77 82 89
a 5 12 19 25 31 38 45 51 57 64 71 77 83 89
a 5 12 19 25 31 38 45 51 57 64 71 77 83 90
a 5 12 19 25 31 38 45 51 57 64 71 77 84 90
a 5 12 19 25 31 38 45 51 57 64 71 77 84 91
a 5 12 19 25 31 38 45 51 57 64 71 77 85 91
a 5 12 19 25 31 38 45 51 57 64 70 77 85 91
a 5 12 19 25 31 38 45 51 57 64 70 76 85 91
a 5 12 19 25 31 38 45 51 57 64 69 76 85 91
a 5 12 19 25 31 38 45 51 57 64 69 75 85 91
a 5 12 19 25 31 38 45 51 57 64 69 75 84 91
a 5 12 19 25 31 38 45 51 57 64 69 75 84 90
a 5 12 19 25 31 38 45 51 57 64 69 75 83 90
a 5 12 19 25 31 38 45 51 57 64 69 75 83 89
a 5 12 19 25 31 38 45 51 57 64 69 75 82 89
a 5 12 19 25 31 38 45 51 57 64 69 75 82 88
a 5 12 19 25 31 38 45 51 57 64 69 75 81 88
a 5 12 19 25 31 38 45 51 57 64 69 75 81 87
a 5 12 19 25 31 38 45 51 57 64 69 75 80 87
a 5 12 19 25 31 38 45 51 57 64 69 75 80 86
a 5 12 19 25 31 38 45 51 57 64 69 75 79 86
a 5 12 19 25 31 38 45 51 57 64 68 75 79 86
a 5 12 19 25 31 38 45 51 57 64 68 74 79 86
a 5 12 19 25 31 38 45 51 57 64 67 74 79 86
a 5 12 19 25 31 38 45 51 57 64 67 73 79 86
a 5 12 19 25 31 38 45 51 57 64 66 73 79 86
a 5 12 19 25 31 38 45 51 58 64 66 73 79 86
a 5 12 19 25 31 38 45 51 58 65 66 73 79 86
a 5 12 19 25 31 38 45 51 59 65 66 73 79 86
a 5 12 19 25 31 38 44 51 59 65 66 73 79 86
a 5 12 19 25 31 38 44 50 59 65 66 73 79 86
a 5 12 19 25 31 38 43 50 59 65 66 73 79 86
a 5 12 19 25 31 38 43 49 59 65 66 73 79 86
a 5 12 19 25 31 38 43 49 58 65 66 73 79 86
a 5 12 19 25 31 38 43 49 58 64 66 73 79 86
a 5 12 19 25 31 38 43 49 58 64 67 73 79 86
a 5 12 19 25 31 38 43 49 58 64 67 74 79 86
a 5 12 19 25 31 38 43 49 58 64 68 74 79 86
a 5 12 19 25 31 38 43 49 58 64 68 75 79 86
a 5 12 19 25 31 38 43 49 58 64 68 75 80 86
a 5 12 19 25 31 38 43 49 58 64 68 75 80 87
a 5 12 19 25 31 38 43 49 58 64 68 75 81 87
a 5 12 19 25 31 38 43 49 58 64 68 75 81 88
a 5 12 19 25 31 38 43 49 58 64 68 75 82 88
a 5 12 19 25 31 38 43 49 58 64 68 75 82 89
a 5 12 19 25 31 38 43 49 58 64 68 75 83 89
a 5 12 19 25 31 38 43 49 58 64 68 75 83 90
a 5 12 19 25 31 38 43 49 58 64 68 75 84 90
a 5 12 19 25 31 38 43 49 58 64 68 75 84 91
a 5 12 19 25 31 38 43 49 58 64 68 75 85 91
a 5 12 19 25 31 38 43 49 58 64 69 75 85 91
a 5 12 19 25 31 38 43 49 58 64 69 76 85 91
a 5 12 19 25 31 38 43 49 58 64 70 76 85 91
a 5 12 19 25 31 38 43 49 58 64 70 77 85 91
a 5 12 19 25 31 38 43 49 58 64 70 77 84 91
a 5 12 19 25 31 38 43 49 58 64 70 77 84 90
a 5 12 19 25 31 38 43 49 58 64 70 77 83 90
a 5 12 19 25 31 38 43 49 58 64 70 77 83 89
a 5 12 19 25 31 38 43 49 58 64 70 77 82 89
a 5 12 19 25 31 38 43 49 58 64 70 77 82 88
a 5 12 19 25 31 38 43 49 58 64 70 77 81 88
a 5 12 19 25 31 38 43 49 58 64 70 77 81 87
a 5 12 19 25 31 38 43 49 58 64 70 77 80 87
a 5 12 19 25 31 38 43 49 58 64 70 77 80 86
a 5 12 19 25 31 38 43 49 58 64 70 77 79 86
a 5 12 19 25 31 38 43 49 58 64 71 77 79 86
a 5 12 19 25 31 38 43 49 58 64 71 78 79 86
a 5 12 19 25 31 38 43 49 58 64 72 78 79 86
a 5 12 19 25 31 38 43 49 57 64 72 78 79 86
a 5 12 19 25 31 38 43 49 57 63 72 78 79 86
a 5 12 19 25 31 38 43 49 56 63 72 78 79 86
a 5 12 19 25 31 38 43 49 56 62 72 78 79 86
a 5 12 19 25 31 38 43 49 56 62 71 78 79 86
a 5 12 19 25 31 38 43 49 56 62 71 77 79 86
a 5 12 19 25 31 38 43 49 56 62 71 77 80 86
a 5 12 19 25 31 38 43 49 56 62 71 77 80 87
a 5 12 19 25 31 38 43 49 56 62 71 77 81 87
a 5 12 19 25 31 38 43 49 56 62 71 77 81 88
a 5 12 19 25 31 38 43 49 56 62 71 77 82 88
a 5 12 19 25 31 38 43 49 56 62 71 77 82 89
a 5 12 19 25 31 38 43 49 56 62 71 77 83 89
a 5 12 19 25 31 38 43 49 56 62 71 77 83 90
a 5 12 19 25 31 38 43 49 56 62 71 77 84 90
a 5 12 19 25 31 38 43 49 56 62 71 77 84 91
a 5 12 19 25 31 38 43 49 56 62 71 77 85 91
a 5 12 19 25 31 38 43 49 56 62 70 77 85 91
a 5 12 19 25 31 38 43 49 56 62 70 76 85 91
a 5 12 19 25 31 38 43 49 56 62 69 76 85 91
a 5 12 19 25 31 38 43 49 56 62 69 75 85 91
a 5 12 19 25 31 38 43 49 56 62 69 75 84 91
a 5 12 19 25 31 38 43 49 56 62 69 75 84 90
a 5 12 19 25 31 38 43 49 56 62 69 75 83 90
a 5 12 19 25 31 38 43 49 56 62 69 75 83 89
a 5 12 19 25 31 38 43 49 56 62 69 75 82 89
a 5 12 19 25 31 38 43 49 56 62 69 75 82 88
a 5 12 19 25 31 38 43 49 56 62 69 75 81 88
a 5 12 19 25 31 38 43 49 56 62 69 75 81 87
a 5 12 19 25 31 38 43 49 56 62 69 75 80 87
a 5 12 19 25 31 38 43 49 56 62 69 75 80 86
a 5 12 19 25 31 38 43 49 56 62 69 75 79 86
a 5 12 19 25 31 38 43 49 56 62 68 75 79 86
a 5 12 19 25 31 38 43 49 56 62 68 74 79 86
a 5 12 19 25 31 38 43 49 56 62 67 74 79 86
a 5 12 19 25 31 38 43 49 56 62 67 73 79 86
a 5 12 19 25 31 38 43 49 56 62 66 73 79 86
a 5 12 19 25 31 38 43 49 55 62 66 73 79 86
a 5 12 19 25 31 38 43 49 55 61 66 73 79 86
a 5 12 19 25 31 38 43 49 54 61 66 73 79 86
a 5 12 19 25 31 38 43 49 54 60 66 73 79 86
a 5 12 19 25 31 38 43 49 53 60 66 73 79 86
a 5 12 19 25 31 38 42 49 53 60 66 73 79 86
a 5 12 19 25 31 38 42 48 53 60 66 73 79 86
a 5 12 19 25 31 38 41 48 53 60 66 73 79 86
a 5 12 19 25 31 38 41 47 53 60 66 73 79 86
a 5 12 19 25 31 38 40 47 53 60 66 73 79 86
a 5 12 19 25 32 38 40 47 53 60 66 73 79 86
a 5 12 19 25 32 39 40 47 53 60 66 73 79 86
a 5 12 19 25 33 39 40 47 53 60 66 73 79 86
a 5 12 18 25 33 39 40 47 53 60 66 73 79 86
a 5 12 18 24 33 39 40 47 53 60 66 73 79 86
a 5 12 17 24 33 39 40 47 53 60 66 73 79 86
a 5 12 17 23 33 39 40 47 53 60 66 73 79 86
a 5 12 17 23 32 39 40 47 53 60 66 73 79 86
a 5 12 17 23 32 38 40 47 53 60 66 73 79 86
a 5 12 17 23 32 38 41 47 53 60 66 73 79 86
a 5 12 17 23 32 38 41 48 53 60 66 73 79 86
a 5 12 17 23 32 38 42 48 53 60 66 73 79 86
a 5 12 17 23 32 38 42 49 53 60 66 73 79 86
a 5 12 17 23 32 38 42 49 54 60 66 73 79 86
a 5 12 17 23 32 38 42 49 54 61 66 73 79 86
a 5 12 17 23 32 38 42 49 55 61 66 73 79 86
a 5 12 17 23 32 38 42 49 55 62 66 73 79 86
a 5 12 17 23 32 38 42 49 55 62 67 73 79 86
a 5 12 17 23 32 38 42 49 55 62 67 74 79 86
a 5 12 17 23 32 38 42 49 55 62 68 74 79 86
a 5 12 17 23 32 38 42 49 55 62 68 75 79 86
a 5 12 17 23 32 38 42 49 55 62 68 75 80 86
a 5 12 17 23 32 38 42 49 55 62 68 75 80 87
a 5 12 17 23 32 38 42 49 55 62 68 75 81 87
a 5 12 17 23 32 38 42 49 55 62 68 75 81 88
a 5 12 17 23 32 38 42 49 55 62 68 75 82 88
a 5 12 17 23 32 38 42 49 55 62 68 75 82 89
a 5 12 17 23 32 38 42 49 55 62 68 75 83 89
a 5 12 17 23 32 38 42 49 55 62 68 75 83 90
a 5 12 17 23 32 38 42 49 55 62 68 75 84 90
a 5 12 17 23 32 38 42 49 55 62 68 75 84 91
a 5 12 17 23 32 38 42 49 55 62 68 75 85 91
a 5 12 17 23 32 38 42 49 55 62 69 75 85 91
a 5 12 17 23 32 38 42 49 55 62 69 76 85 91
a 5 12 17 23 32 38 42 49 55 62 70 76 85 91
a 5 12 17 23 32 38 42 49 55 62 70 77 85 91
a 5 12 17 23 32 38 42 49 55 62 70 77 84 91
a 5 12 17 23 32 38 42 49 55 62 70 77 84 90
a 5 12 17 23 32 38 42 49 55 62 70 77 83 90
a 5 12 17 23 32 38 42 49 55 62 70 77 83 89
a 5 12 17 23 32 38 42 49 55 62 70 77 82 89
a 5 12 17 23 32 38 42 49 55 62 70 77 82 88
a 5 12 17 23 32 38 42 49 55 62 70 77 81 88
a 5 12 17 23 32 38 42 49 55 62 70 77 81 87
a 5 12 17 23 32 38 42 49 55 62 70 77 80 87
a 5 12 17 23 32 38 42 49 55 62 70 77 80 86
a 5 12 17 23 32 38 42 49 55 62 70 77 79 86
a 5 12 17 23 32 38 42 49 55 62 71 77 79 86
a 5 12 17 23 32 38 42 49 55 62 71 78 79 86
a 5 12 17 23 32 38 42 49 55 62 72 78 79 86
a 5 12 17 23 32 38 42 49 56 62 72 78 79 86
a 5 12 17 23 32 38 42 49 56 63 72 78 79 86
a 5 12 17 23 32 38 42 49 57 63 72 78 79 86
a 5 12 17 23 32 38 42 49 57 64 72 78 79 86
a 5 12 17 23 32 38 42 49 57 64 71 78 79 86
a 5 12 17 23 32 38 42 49 57 64 71 77 79 86
a 5 12 17 23 32 38 42 49 57 64 71 77 80 86
a 5 12 17 23 32 38 42 49 57 64 71 77 80 87
a 5 12 17 23 32 38 42 49 57 64 71 77 81 87
a 5 12 17 23 32 38 42 49 57 64 71 77 81 88
a 5 12 17 23 32 38 42 49 57 64 71 77 82 88
a 5 12 17 23 32 38 42 49 57 64 71 77 82 89
a 5 12 17 23 32 38 42 49 57 64 71 77 83 89
a 5 12 17 23 32 38 42 49 57 64 71 77 83 90
a 5 12 17 23 32 38 42 49 57 64 71 77 84 90
a 5 12 17 23 32 38 42 49 57 64 71 77 84 91
a 5 12 17 23 32 38 42 49 57 64 71 77 85 91
a 5 12 17 23 32 38 42 49 57 64 70 77 85 91
a 5 12 17 23 32 38 42 49 57 64 70 76 85 91
a 5 12 17 23 32 38 42 49 57 64 69 76 85 91
a 5 12 17 23 32 38 42 49 57 64 69 75 85 91
a 5 12 17 23 32 38 42 49 57 64 69 75 84 91
a 5 12 17 23 32 38 42 49 57 64 69 75 84 90
a 5 12 17 23 32 38 42 49 57 64 69 75 83 90
a 5 12 17 23 32 38 42 49 57 64 69 75 83 89
a 5 12 17 23 32 38 42 49 57 64 69 75 82 89
a 5 12 17 23 32 38 42 49 57 64 69 75 82 88
a 5 12 17 23 32 38 42 49 57 64 69 75 81 88
a 5 12 17 23 32 38 42 49 57 64 69 75 81 87
a 5 12 17 23 32 38 42 49 57 64 69 75 80 87
a 5 12 17 23 32 38 42 49 57 64 69 75 80 86
a 5 12 17 23 32 38 42 49 57 64 69 75 79 86
a 5 12 17 23 32 38 42 49 57 64 68 75 79 86
a 5 12 17 23 32 38 42 49 57 64 68 74 79 86
a 5 12 17 23 32 38 42 49 57 64 67 74 79 86
a 5 12 17 23 32 38 42 49 57 64 67 73 79 86
a 5 12 17 23 32 38 42 49 57 64 66 73 79 86
a 5 12 17 23 32 38 42 49 58 64 66 73 79 86
a 5 12 17 23 32 38 42 49 58 65 66 73 79 86
a 5 12 17 23 32 38 42 49 59 65 66 73 79 86
a 5 12 17 23 32 38 43 49 59 65 66 73 79 86
a 5 12 17 23 32 38 43 50 59 65 66 73 79 86
a 5 12 17 23 32 38 44 50 59 65 66 73 79 86
a 5 12 17 23 32 38 44 51 59 65 66 73 79 86
a 5 12 17 23 32 38 44 51 58 65 66 73 79 86
a 5 12 17 23 32 38 44 51 58 64 66 73 79 86
a 5 12 17 23 32 38 44 51 58 64 67 73 79 86
a 5 12 17 23 32 38 44 51 58 64 67 74 79 86
a 5 12 17 23 32 38 44 51 58 64 68 74 79 86
a 5 12 17 23 32 38 44 51 58 64 68 75 79 86
a 5 12 17 23 32 38 44 51 58 64 68 75 80 86
a 5 12 17 23 32 38 44 51 58 64 68 75 80 87
a 5 12 17 23 32 38 44 51 58 64 68 75 81 87
a 5 12 17 23 32 38 44 51 58 64 68 75 81 88
a 5 12 17 23 32 38 44 51 58 64 68 75 82 88
a 5 12 17 23 32 38 44 51 58 64 68 75 82 89
a 5 12 17 23 32 38 44 51 58 64 68 75 83 89
a 5 12 17 23 32 38 44 51 58 64 68 75 83 90
a 5 12 17 23 32 38 44 51 58 64 68 75 84 90
a 5 12 17 23 32 38 44 51 58 64 68 75 84 91
a 5 12 17 23 32 38 44 51 58 64 68 75 85 91
a 5 12 17 23 32 38 44 51 58 64 69 75 85 91
a 5 12 17 23 32 38 44 51 58 64 69 76 85 91
a 5 12 17 23 32 38 44 51 58 64 70 76 85 91
a 5 12 17 23 32 38 44 51 58 64 70 77 85 91
a 5 12 17 23 32 38 44 51 58 64 70 77 84 91
a 5 12 17 23 32 38 44 51 58 64 70 77 84 90
a 5 12 17 23 32 38 44 51 58 64 70 77 83 90
a 5 12 17 23 32 38 44 51 58 64 70 77 83 89
a 5 12 17 23 32 38 44 51 58 64 70 77 82 89
a 5 12 17 23 32 38 44 51 58 64 70 77 82 88
a 5 12 17 23 32 38 44 51 58 64 70 77 81 88
a 5 12 17 23 32 38 44 51 58 64 70 77 81 87
a 5 12 17 23 32 38 44 51 58 64 70 77 80 87
a 5 12 17 23 32 38 44 51 58 64 70 77 80 86
a 5 12 17 23 32 38 44 51 58 64 70 77 79 86
a 5 12 17 23 32 38 44 51 58 64 71 77 79 86
a 5 12 17 23 32 38 44 51 58 64 71 78 79 86
a 5 12 17 23 32 38 44 51 58 64 72 78 79 86
a 5 12 17 23 32 38 44 51 57 64 72 78 79 86
a 5 12 17 23 32 38 44 51 57 63 72 78 79 86
a 5 12 17 23 32 38 44 51 56 63 72 78 79 86
a 5 12 17 23 32 38 44 51 56 62 72 78 79 86
a 5 12 17 23 32 38 44 51 56 62 71 78 79 86
a 5 12 17 23 32 38 44 51 56 62 71 77 79 86
a 5 12 17 23 32 38 44 51 56 62 71 77 80 86
a 5 12 17 23 32 38 44 51 56 62 71 77 80 87
a 5 12 17 23 32 38 44 51 56 62 71 77 81 87
a 5 12 17 23 32 38 44 51 56 62 71 77 81 88
a 5 12 17 23 32 38 44 51 56 62 71 77 82 88
a 5 12 17 23 32 38 44 51 56 62 71 77 82 89
a 5 12 17 23 32 38 44 51 56 62 71 77 83 89
a 5 12 17 23 32 38 44 51 56 62 71 77 83 90
a 5 12 17 23 32 38 44 51 56 62 71 77 84 90
a 5 12 17 23 32 38 44 51 56 62 71 77 84 91
a 5 12 17 23 32 38 44 51 56 62 71 77 85 91
a 5 12 17 23 32 38 44 51 56 62 70 77 85 91
a 5 12 17 23 32 38 44 51 56 62 70 76 85 91
a 5 12 17 23 32 38 44 51 56 62 69 76 85 91
a 5 12 17 23 32 38 44 51 56 62 69 75 85 91
a 5 12 17 23 32 38 44 51 56 62 69 75 84 91
a 5 12 17 23 32 38 44 51 56 62 69 75 84 90
a 5 12 17 23 32 38 44 51 56 62 69 75 83 90
a 5 12 17 23 32 38 44 51 56 62 69 75 83 89
a 5 12 17 23 32 38 44 51 56 62 69 75 82 89
a 5 12 17 23 32 38 44 51 56 62 69 75 82 88
a 5 12 17 23 32 38 44 51 56 62 69 75 81 88
a 5 12 17 23 32 38 44 51 56 62 69 75 81 87
a 5 12 17 23 32 38 44 51 56 62 69 75 80 87
a 5 12 17 23 32 38 44 51 56 62 69 75 80 86
a 5 12 17 23 32 38 44 51 56 62 69 75 79 86
a 5 12 17 23 32 38 44 51 56 62 68 75 79 86
a 5 12 17 23 32 38 44 51 56 62 68 74 79 86
a 5 12 17 23 32 38 44 51 56 62 67 74 79 86
a 5 12 17 23 32 38 44 51 56 62 67 73 79 86
a 5 12 17 23 32 38 44 51 56 62 66 73 79 86
a 5 12 17 23 32 38 44 51 55 62 66 73 79 86
a 5 12 17 23 32 38 44 51 55 61 66 73 79 86
a 5 12 17 23 32 38 44 51 54 61 66 73 79 86
a 5 12 17 23 32 38 44 51 54 60 66 73 79 86
a 5 12 17 23 32 38 44 51 53 60 66 73 79 86
a 5 12 17 23 32 38 45 51 53 60 66 73 79 86
a 5 12 17 23 32 38 45 52 53 60 66 73 79 86
a 5 12 17 23 32 38 46 52 53 60 66 73 79 86
a 5 12 17 23 31 38 46 52 53 60 66 73 79 86
a 5 12 17 23 31 37 46 52 53 60 66 73 79 86
a 5 12 17 23 30 37 46 52 53 60 66 73 79 86
a 5 12 17 23 30 36 46 52 53 60 66 73 79 86
a 5 12 17 23 30 36 45 52 53 60 66 73 79 86
a 5 12 17 23 30 36 45 51 53 60 66 73 79 86
a 5 12 17 23 30 36 45 51 54 60 66 73 79 86
a 5 12 17 23 30 36 45 51 54 61 66 73 79 86
a 5 12 17 23 30 36 45 51 55 61 66 73 79 86
a 5 12 17 23 30 36 45 51 55 62 66 73 79 86
a 5 12 17 23 30 36 45 51 55 62 67 73 79 86
a 5 12 17 23 30 36 45 51 55 62 67 74 79 86
a 5 12 17 23 30 36 45 51 55 62 68 74 79 86
a 5 12 17 23 30 36 45 51 55 62 68 75 79 86
a 5 12 17 23 30 36 45 51 55 62 68 75 80 86
a 5 12 17 23 30 36 45 51 55 62 68 75 80 87
a 5 12 17 23 30 36 45 51 55 62 68 75 81 87
a 5 12 17 23 30 36 45 51 55 62 68 75 81 88
a 5 12 17 23 30 36 45 51 55 62 68 75 82 88
a 5 12 17 23 30 36 45 51 55 62 68 75 82 89
a 5 12 17 23 30 36 45 51 55 62 68 75 83 89
a 5 12 17 23 30 36 45 51 55 62 68 75 83 90
a 5 12 17 23 30 36 45 51 55 62 68 75 84 90
a 5 12 17 23 30 36 45 51 55 62 68 75 84 91
a 5 12 17 23 30 36 45 51 55 62 68 75 85 91
a 5 12 17 23 30 36 45 51 55 62 69 75 85 91
a 5 12 17 23 30 36 45 51 55 62 69 76 85 91
a 5 12 17 23 30 36 45 51 55 62 70 76 85 91
a 5 12 17 23 30 36 45 51 55 62 70 77 85 91
a 5 12 17 23 30 36 45 51 55 62 70 77 84 91
a 5 12 17 23 30 36 45 51 55 62 70 77 84 90
a 5 12 17 23 30 36 45 51 55 62 70 77 83 90
a 5 12 17 23 30 36 45 51 55 62 70 77 83 89
a 5 12 17 23 30 36 45 51 55 62 70 77 82 89
a 5 12 17 23 30 36 45 51 55 62 70 77 82 88
a 5 12 17 23 30 36 45 51 55 62 70 77 81 88
a 5 12 17 23 30 36 45 51 55 62 70 77 81 87
a 5 12 17 23 30 36 45 51 55 62 70 77 80 87
a 5 12 17 23 30 36 45 51 55 62 70 77 80 86
a 5 12 17 23 30 36 45 51 55 62 70 77 79 86
a 5 12 17 23 30 36 45 51 55 62 71 77 79 86
a 5 12 17 23 30 36 45 51 55 62 71 78 79 86
a 5 12 17 23 30 36 45 51 55 62 72 78 79 86
a 5 12 17 23 30 36 45 51 56 62 72 78 79 86
a 5 12 17 23 30 36 45 51 56 63 72 78 79 86
a 5 12 17 23 30 36 45 51 57 63 72 78 79 86
a 5 12 17 23 30 36 45 51 57 64 72 78 79 86
a 5 12 17 23 30 36 45 51 57 64 71 78 79 86
a 5 12 17 23 30 36 45 51 57 64 71 77 79 86
a 5 12 17 23 30 36 45 51 57 64 71 77 80 86
a 5 12 17 23 30 36 45 51 57 64 71 77 80 87
a 5 12 17 23 30 36 45 51 57 64 71 77 81 87
a 5 12 17 23 30 36 45 51 57 64 71 77 81 88
a 5 12 17 23 30 36 45 51 57 64 71 77 82 88
a 5 12 17 23 30 36 45 51 57 64 71 77 82 89
a 5 12 17 23 30 36 45 51 57 64 71 77 83 89
a 5 12 17 23 30 36 45 51 57 64 71 77 83 90
a 5 12 17 23 30 36 45 51 57 64 71 77 84 90
a 5 12 17 23 30 36 45 51 57 64 71 77 84 91
a 5 12 17 23 30 36 45 51 57 64 71 77 85 91
a 5 12 17 23 30 36 45 51 57 64 70 77 85 91
a 5 12 17 23 30 36 45 51 57 64 70 76 85 91
a 5 12 17 23 30 36 45 51 57 64 69 76 85 91
a 5 12 17 23 30 36 45 51 57 64 69 75 85 91
a 5 12 17 23 30 36 45 51 57 64 69 75 84 91
a 5 12 17 23 30 36 45 51 57 64 69 75 84 90
a 5 12 17 23 30 36 45 51 57 64 69 75 83 90
a 5 12 17 23 30 36 45 51 57 64 69 75 83 89
a 5 12 17 23 30 36 45 51 57 64 69 75 82 89
a 5 12 17 23 30 36 45 51 57 64 69 75 82 88
a 5 12 17 23 30 36 45 51 57 64 69 75 81 88
a 5 12 17 23 30 36 45 51 57 64 69 75 81 87
a 5 12 17 23 30 36 45 51 57 64 69 75 80 87
a 5 12 17 23 30 36 45 51 57 64 69 75 80 86
a 5 12 17 23 30 36 45 51 57 64 69 75 79 86
a 5 12 17 23 30 36 45 51 57 64 68 75 79 86
a 5 12 17 23 30 36 45 51 57 64 68 74 79 86
a 5 12 17 23 30 36 45 51 57 64 67 74 79 86
a 5 12 17 23 30 36 45 51 57 64 67 73 79 86
a 5 12 17 23 30 36 45 51 57 64 66 73 79 86
a 5 12 17 23 30 36 45 51 58 64 66 73 79 86
a 5 12 17 23 30 36 45 51 58 65 66 73 79 86
a 5 12 17 23 30 36 45 51 59 65 66 73 79 86
a 5 12 17 23 30 36 44 51 59 65 66 73 79 86
a 5 12 17 23 30 36 44 50 59 65 66 73 79 86
a 5 12 17 23 30 36 43 50 59 65 66 73 79 86
a 5 12 17 23 30 36 43 49 59 65 66 73 79 86
a 5 12 17 23 30 36 43 49 58 65 66 73 79 86
a 5 12 17 23 30 36 43 49 58 64 66 73 79 86
a 5 12 17 23 30 36 43 49 58 64 67 73 79 86
a 5 12 17 23 30 36 43 49 58 64 67 74 79 86
a 5 12 17 23 30 36 43 49 58 64 68 74 79 86
a 5 12 17 23 30 36 43 49 58 64 68 75 79 86
a 5 12 17 23 30 36 43 49 58 64 68 75 80 86
a 5 12 17 23 30 36 43 49 58 64 68 75 80 87
a 5 12 17 23 30 36 43 49 58 64 68 75 81 87
a 5 12 17 23 30 36 43 49 58 64 68 75 81 88
a 5 12 17 23 30 36 43 49 58 64 68 75 82 88
a 5 12 17 23 30 36 43 49 58 64 68 75 82 89
a 5 12 17 23 30 36 43 49 58 64 68 75 83 89
a 5 12 17 23 30 36 43 49 58 64 68 75 83 90
a 5 12 17 23 30 36 43 49 58 64 68 75 84 90
a 5 12 17 23 30 36 43 49 58 64 68 75 84 91
a 5 12 17 23 30 36 43 49 58 64 68 75 85 91
a 5 12 17 23 30 36 43 49 58 64 69 75 85 91
a 5 12 17 23 30 36 43 49 58 64 69 76 85 91
a 5 12 17 23 30 36 43 49 58 64 70 76 85 91
a 5 12 17 23 30 36 43 49 58 64 70 77 85 91
a 5 12 17 23 30 36 43 49 58 64 70 77 84 91
a 5 12 17 23 30 36 43 49 58 64 70 77 84 90
a 5 12 17 23 30 36 43 49 58 64 70 77 83 90
a 5 12 17 23 30 36 43 49 58 64 70 77 83 89
a 5 12 17 23 30 36 43 49 58 64 70 77 82 89
a 5 12 17 23 30 36 43 49 58 64 70 77 82 88
a 5 12 17 23 30 36 43 49 58 64 70 77 81 88
a 5 12 17 23 30 36 43 49 58 64 70 77 81 87
a 5 12 17 23 30 36 43 49 58 64 70 77 80 87
a 5 12 17 23 30 36 43 49 58 64 70 77 80 86
a 5 12 17 23 30 36 43 49 58 64 70 77 79 86
a 5 12 17 23 30 36 43 49 58 64 71 77 79 86
a 5 12 17 23 30 36 43 49 58 64 71 78 79 86
a 5 12 17 23 30 36 43 49 58 64 72 78 79 86
a 5 12 17 23 30 36 43 49 57 64 72 78 79 86
a 5 12 17 23 30 36 43 49 57 63 72 78 79 86
a 5 12 17 23 30 36 43 49 56 63 72 78 79 86
a 5 12 17 23 30 36 43 49 56 62 72 78 79 86
a 5 12 17 23 30 36 43 49 56 62 71 78 79 86
a 5 12 17 23 30 36 43 49 56 62 71 77 79 86
a 5 12 17 23 30 36 43 49 56 62 71 77 80 86
a 5 12 17 23 30 36 43 49 56 62 71 77 80 87
a 5 12 17 23 30 36 43 49 56 62 71 77 81 87
a 5 12 17 23 30 36 43 49 56 62 71 77 81 88
a 5 12 17 23 30 36 43 49 56 62 71 77 82 88
a 5 12 17 23 30 36 43 49 56 62 71 77 82 89
a 5 12 17 23 30 36 43 49 56 62 71 77 83 89
a 5 12 17 23 30 36 43 49 56 62 71 77 83 90
a 5 12 17 23 30 36 43 49 56 62 71 77 84 90
a 5 12 17 23 30 36 43 49 56 62 71 77 84 91
a 5 12 17 23 30 36 43 49 56 62 71 77 85 91
a 5 12 17 23 30 36 43 49 56 62 70 77 85 91
a 5 12 17 23 30 36 43 49 56 62 70 76 85 91
a 5 12 17 23 30 36 43 49 56 62 69 76 85 91
a 5 12 17 23 30 36 43 49 56 62 69 75 85 91
a 5 12 17 23 30 36 43 49 56 62 69 75 84 91
a 5 12 17 23 30 36 43 49 56 62 69 75 84 90
a 5 12 17 23 30 36 43 49 56 62 69 75 83 90
a 5 12 17 23 30 36 43 49 56 62 69 75 83 89
a 5 12 17 23 30 36 43 49 56 62 69 75 82 89
a 5 12 17 23 30 36 43 49 56 62 69 75 82 88
a 5 12 17 23 30 36 43 49 56 62 69 75 81 88
a 5 12 17 23 30 36 43 49 56 62 69 75 81 87
a 5 12 17 23 30 36 43 49 56 62 69 75 80 87
a 5 12 17 23 30 36 43 49 56 62 69 75 80 86
a 5 12 17 23 30 36 43 49 56 62 69 75 79 86
a 5 12 17 23 30 36 43 49 56 62 68 75 79 86
a 5 12 17 23 30 36 43 49 56 62 68 74 79 86
a 5 12 17 23 30 36 43 49 56 62 67 74 79 86
a 5 12 17 23 30 36 43 49 56 62 67 73 79 86
a 5 12 17 23 30 36 43 49 56 62 66 73 79 86
a 5 12 17 23 30 36 43 49 55 62 66 73 79 86
a 5 12 17 23 30 36 43 49 55 61 66 73 79 86
a 5 12 17 23 30 36 43 49 54 61 66 73 79 86
a 5 12 17 23 30 36 43 49 54 60 66 73 79 86
a 5 12 17 23 30 36 43 49 53 60 66 73 79 86
a 5 12 17 23 30 36 42 49 53 60 66 73 79 86
a 5 12 17 23 30 36 42 48 53 60 66 73 79 86
a 5 12 17 23 30 36 41 48 53 60 66 73 79 86
a 5 12 17 23 30 36 41 47 53 60 66 73 79 86
a 5 12 17 23 30 36 40 47 53 60 66 73 79 86
a 5 12 17 23 29 36 40 47 53 60 66 73 79 86
a 5 12 17 23 29 35 40 47 53 60 66 73 79 86
a 5 12 17 23 28 35 40 47 53 60 66 73 79 86
a 5 12 17 23 28 34 40 47 53 60 66 73 79 86
a 5 12 17 23 27 34 40 47 53 60 66 73 79 86
a 5 12 16 23 27 34 40 47 53 60 66 73 79 86
a 5 12 16 22 27 34 40 47 53 60 66 73 79 86
a 5 12 15 22 27 34 40 47 53 60 66 73 79 86
a 5 12 15 21 27 34 40 47 53 60 66 73 79 86
a 5 12 14 21 27 34 40 47 53 60 66 73 79 86
a 6 12 14 21 27 34 40 47 53 60 66 73 79 86
a 6 13 14 21 27 34 40 47 53 60 66 73 79 86
a 7 13 14 21 27 34 40 47 53 60 66 73 79 86
