c model TJ, ST
s 1 8 14 21 27 34 40 47
t 7 13 14 21 27 34 40 47
a YES
a 1 8 14 21 27 34 40 47
a 2 8 14 21 27 34 40 47
a 2 9 14 21 27 34 40 47
a 3 9 14 21 27 34 40 47
a 3 10 14 21 27 34 40 47
a 3 10 15 21 27 34 40 47
a 3 10 15 22 27 34 40 47
a 3 10 16 22 27 34 40 47
a 3 10 16 23 27 34 40 47
a 3 10 16 23 28 34 40 47
a 3 10 16 23 28 35 40 47
a 3 10 16 23 29 35 40 47
a 3 10 16 23 29 36 40 47
a 3 10 16 23 29 36 41 47
a 3 10 16 23 29 36 41 48
a 3 10 16 23 29 36 42 48
a 3 10 16 23 29 36 42 49
a 3 10 16 23 29 36 43 49
a 3 10 16 23 29 36 43 50
a 3 10 16 23 29 36 44 50
a 3 10 16 23 29 36 44 51
a 3 10 16 23 29 36 45 51
a 3 10 16 23 29 36 45 52
a 3 10 16 23 29 36 46 52
a 3 10 16 23 30 36 46 52
a 3 10 16 23 30 37 46 52
a 3 10 16 23 31 37 46 52
a 3 10 16 23 31 38 46 52
a 3 10 16 23 31 38 45 52
a 3 10 16 23 31 38 45 51
a 3 10 16 23 31 38 44 51
a 3 10 16 23 31 38 44 50
a 3 10 16 23 31 38 43 50
a 3 10 16 23 31 38 43 49
a 3 10 16 23 31 38 42 49
a 3 10 16 23 31 38 42 48
a 3 10 16 23 31 38 41 48
a 3 10 16 23 31 38 41 47
a 3 10 16 23 31 38 40 47
a 3 10 16 23 32 38 40 47
a 3 10 16 23 32 39 40 47
a 3 10 16 23 33 39 40 47
a 3 10 17 23 33 39 40 47
a 3 10 17 24 33 39 40 47
a 3 10 18 24 33 39 40 47
a 3 10 18 25 33 39 40 47
a 3 10 18 25 32 39 40 47
a 3 10 18 25 32 38 40 47
a 3 10 18 25 32 38 41 47
a 3 10 18 25 32 38 41 48
a 3 10 18 25 32 38 42 48
a 3 10 18 25 32 38 42 49
a 3 10 18 25 32 38 43 49
a 3 10 18 25 32 38 43 50
a 3 10 18 25 32 38 44 50
a 3 10 18 25 32 38 44 51
a 3 10 18 25 32 38 45 51
a 3 10 18 25 32 38 45 52
a 3 10 18 25 32 38 46 52
a 3 10 18 25 31 38 46 52
a 3 10 18 25 31 37 46 52
a 3 10 18 25 30 37 46 52
a 3 10 18 25 30 36 46 52
a 3 10 18 25 30 36 45 52
a 3 10 18 25 30 36 45 51
a 3 10 18 25 30 36 44 51
a 3 10 18 25 30 36 44 50
a 3 10 18 25 30 36 43 50
a 3 10 18 25 30 36 43 49
a 3 10 18 25 30 36 42 49
a 3 10 18 25 30 36 42 48
a 3 10 18 25 30 36 41 48
a 3 10 18 25 30 36 41 47
a 3 10 18 25 30 36 40 47
a 3 10 18 25 29 36 40 47
a 3 10 18 25 29 35 40 47
a 3 10 18 25 28 35 40 47
a 3 10 18 25 28 34 40 47
a 3 10 18 25 27 34 40 47
a 3 10 19 25 27 34 40 47
a 3 10 19 26 27 34 40 47
a 3 10 20 26 27 34 40 47
a 4 10 20 26 27 34 40 47
a 4 11 20 26 27 34 40 47
a 5 11 20 26 27 34 40 47
a 5 12 20 26 27 34 40 47
a 5 12 19 26 27 34 40 47
a 5 12 19 25 27 34 40 47
a 5 12 19 25 28 34 40 47
a 5 12 19 25 28 35 40 47
a 5 12 19 25 29 35 40 47
a 5 12 19 25 29 36 40 47
a 5 12 19 25 29 36 41 47
a 5 12 19 25 29 36 41 48
a 5 12 19 25 29 36 42 48
a 5 12 19 25 29 36 42 49
a 5 12 19 25 29 36 43 49
a 5 12 19 25 29 36 43 50
a 5 12 19 25 29 36 44 50
a 5 12 19 25 29 36 44 51
a 5 12 19 25 29 36 45 51
a 5 12 19 25 29 36 45 52
a 5 12 19 25 29 36 46 52
a 5 12 19 25 30 36 46 52
a 5 12 19 25 30 37 46 52
a 5 12 19 25 31 37 46 52
a 5 12 19 25 31 38 46 52
a 5 12 19 25 31 38 45 52
a 5 12 19 25 31 38 45 51
a 5 12 19 25 31 38 44 51
a 5 12 19 25 31 38 44 50
a 5 12 19 25 31 38 43 50
a 5 12 19 25 31 38 43 49
a 5 12 19 25 31 38 42 49
a 5 12 19 25 31 38 42 48
a 5 12 19 25 31 38 41 48
a 5 12 19 25 31 38 41 47
a 5 12 19 25 31 38 40 47
a 5 12 19 25 32 38 40 47
a 5 12 19 25 32 39 40 47
a 5 12 19 25 33 39 40 47
a 5 12 18 25 33 39 40 47
a 5 12 18 24 33 39 40 47
a 5 12 17 24 33 39 40 47
a 5 12 17 23 33 39 40 47
a 5 12 17 23 32 39 40 47
a 5 12 17 23 32 38 40 47
a 5 12 17 23 32 38 41 47
a 5 12 17 23 32 38 41 48
a 5 12 17 23 32 38 42 48
a 5 12 17 23 32 38 42 49
a 5 12 17 23 32 38 43 49
a 5 12 17 23 32 38 43 50
a 5 12 17 23 32 38 44 50
a 5 12 17 23 32 38 44 51
a 5 12 17 23 32 38 45 51
a 5 12 17 23 32 38 45 52
a 5 12 17 23 32 38 46 52
a 5 12 17 23 31 38 46 52
a 5 12 17 23 31 37 46 52
a 5 12 17 23 30 37 46 52
a 5 12 17 23 30 36 46 52
a 5 12 17 23 30 36 45 52
a 5 12 17 23 30 36 45 51
a 5 12 17 23 30 36 44 51
a 5 12 17 23 30 36 44 50
a 5 12 17 23 30 36 43 50
a 5 12 17 23 30 36 43 49
a 5 12 17 23 30 36 42 49
a 5 12 17 23 30 36 42 48
a 5 12 17 23 30 36 41 48
a 5 12 17 23 30 36 41 47
a 5 12 17 23 30 36 40 47
a 5 12 17 23 29 36 40 47
a 5 12 17 23 29 35 40 47
a 5 12 17 23 28 35 40 47
a 5 12 17 23 28 34 40 47
a 5 12 17 23 27 34 40 47
a 5 12 16 23 27 34 40 47
a 5 12 16 22 27 34 40 47
a 5 12 15 22 27 34 40 47
a 5 12 15 21 27 34 40 47
a 5 12 14 21 27 34 40 47
a 6 12 14 21 27 34 40 47
a 6 13 14 21 27 34 40 47
a 7 13 14 21 27 34 40 47
