c model TJ, ST
s 1 3 5 11 13 15 16 18 20 26 28 30 31 33 35
t 1 3 5 11 13 15 16 18 20 25 27 29 32 34 36
a YES
a 1 3 5 11 13 15 16 18 20 26 28 30 31 33 35
a 1 3 6 11 13 15 16 18 20 26 28 30 31 33 35
a 1 4 6 11 13 15 16 18 20 26 28 30 31 33 35
a 2 4 6 11 13 15 16 18 20 26 28 30 31 33 35
a 2 4 6 9 11 13 16 18 20 26 28 30 31 33 35
a 2 4 6 9 11 13 16 18 21 26 28 30 31 33 35
a 2 4 6 11 13 14 16 18 21 26 28 30 31 33 35
a 1 4 6 11 13 14 16 18 21 26 28 30 31 33 35
a 1 3 6 11 13 14 16 18 21 26 28 30 31 33 35
a 1 3 5 11 13 14 16 18 21 26 28 30 31 33 35
a 1 3 5 8 11 14 16 18 21 26 28 30 31 33 35
a 1 3 5 8 11 14 16 19 21 26 28 30 31 33 35
a 1 3 5 11 12 14 16 19 21 26 28 30 31 33 35
a 1 3 6 11 12 14 16 19 21 26 28 30 31 33 35
a 1 4 6 11 12 14 16 19 21 26 28 30 31 33 35
a 2 4 6 11 12 14 16 19 21 26 28 30 31 33 35
a 2 4 6 7 12 14 16 19 21 26 28 30 31 33 35
a 2 4 6 7 12 14 17 19 21 26 28 30 31 33 35
a 2 4 6 7 12 14 17 19 21 24 26 28 31 33 35
a 2 4 6 7 12 14 17 19 21 24 26 28 31 33 36
a 2 4 6 7 12 14 17 19 21 26 28 29 31 33 36
a 2 4 6 7 12 14 16 19 21 26 28 29 31 33 36
a 2 4 6 11 12 14 16 19 21 26 28 29 31 33 36
a 1 4 6 11 12 14 16 19 21 26 28 29 31 33 36
a 1 3 6 11 12 14 16 19 21 26 28 29 31 33 36
a 1 3 5 11 12 14 16 19 21 26 28 29 31 33 36
a 1 3 5 8 11 14 16 19 21 26 28 29 31 33 36
a 1 3 5 8 11 14 16 18 21 26 28 29 31 33 36
a 1 3 5 11 13 14 16 18 21 26 28 29 31 33 36
a 1 3 6 11 13 14 16 18 21 26 28 29 31 33 36
a 1 4 6 11 13 14 16 18 21 26 28 29 31 33 36
a 2 4 6 11 13 14 16 18 21 26 28 29 31 33 36
a 2 4 6 9 11 13 16 18 21 26 28 29 31 33 36
a 2 4 6 9 11 13 16 18 20 26 28 29 31 33 36
a 2 4 6 9 11 13 16 18 20 23 26 29 31 33 36
a 2 4 6 9 11 13 16 18 20 23 26 29 31 34 36
a 2 4 6 9 11 13 16 18 20 26 27 29 31 34 36
a 2 4 6 9 11 13 16 18 21 26 27 29 31 34 36
a 2 4 6 11 13 14 16 18 21 26 27 29 31 34 36
a 1 4 6 11 13 14 16 18 21 26 27 29 31 34 36
a 1 3 6 11 13 14 16 18 21 26 27 29 31 34 36
a 1 3 5 11 13 14 16 18 21 26 27 29 31 34 36
a 1 3 5 8 11 14 16 18 21 26 27 29 31 34 36
a 1 3 5 8 11 14 16 19 21 26 27 29 31 34 36
a 1 3 5 11 12 14 16 19 21 26 27 29 31 34 36
a 1 3 6 11 12 14 16 19 21 26 27 29 31 34 36
a 1 4 6 11 12 14 16 19 21 26 27 29 31 34 36
a 2 4 6 11 12 14 16 19 21 26 27 29 31 34 36
a 2 4 6 7 12 14 16 19 21 26 27 29 31 34 36
a 2 4 6 7 12 14 17 19 21 26 27 29 31 34 36
a 2 4 6 7 12 14 17 19 21 22 27 29 31 34 36
a 2 4 6 7 12 14 17 19 21 22 27 29 32 34 36
a 2 4 6 7 12 14 17 19 21 25 27 29 32 34 36
a 2 4 6 7 12 14 16 19 21 25 27 29 32 34 36
a 2 4 6 11 12 14 16 19 21 25 27 29 32 34 36
a 1 4 6 11 12 14 16 19 21 25 27 29 32 34 36
a 1 3 6 11 12 14 16 19 21 25 27 29 32 34 36
a 1 3 5 11 12 14 16 19 21 25 27 29 32 34 36
a 1 3 5 8 11 14 16 19 21 25 27 29 32 34 36
a 1 3 5 8 11 14 16 18 21 25 27 29 32 34 36
a 1 3 5 11 13 14 16 18 21 25 27 29 32 34 36
a 1 3 6 11 13 14 16 18 21 25 27 29 32 34 36
a 1 4 6 11 13 14 16 18 21 25 27 29 32 34 36
a 2 4 6 11 13 14 16 18 21 25 27 29 32 34 36
a 2 4 6 9 11 13 16 18 21 25 27 29 32 34 36
a 2 4 6 9 11 13 16 18 20 25 27 29 32 34 36
a 2 4 6 11 13 15 16 18 20 25 27 29 32 34 36
a 1 4 6 11 13 15 16 18 20 25 27 29 32 34 36
a 1 3 6 11 13 15 16 18 20 25 27 29 32 34 36
a 1 3 5 11 13 15 16 18 20 25 27 29 32 34 36
