c model TJ, ST
s 1 3 7 9 12 14 18 20 21 23
t 2 4 8 10 11 13 17 19 22 24
a YES
a 1 3 7 9 12 14 18 20 21 23
a 1 4 7 9 12 14 18 20 21 23
a 2 4 7 9 12 14 18 20 21 23
a 2 4 5 9 12 14 18 20 21 23
a 2 4 5 9 11 14 18 20 21 23
a 2 4 8 9 11 14 18 20 21 23
a 1 4 8 9 11 14 18 20 21 23
a 1 3 8 9 11 14 18 20 21 23
a 1 3 6 8 11 14 18 20 21 23
a 1 3 6 8 11 13 18 20 21 23
a 1 3 6 8 11 13 16 18 21 23
a 1 3 6 8 11 13 16 18 21 24
a 1 3 6 8 11 13 18 19 21 24
a 1 3 6 8 11 14 18 19 21 24
a 1 3 8 9 11 14 18 19 21 24
a 1 4 8 9 11 14 18 19 21 24
a 2 4 8 9 11 14 18 19 21 24
a 2 4 5 9 11 14 18 19 21 24
a 2 4 5 9 12 14 18 19 21 24
a 2 4 5 9 12 14 15 19 21 24
a 2 4 5 9 12 14 15 19 22 24
a 2 4 5 9 12 14 17 19 22 24
a 2 4 5 9 11 14 17 19 22 24
a 2 4 8 9 11 14 17 19 22 24
a 1 4 8 9 11 14 17 19 22 24
a 1 3 8 9 11 14 17 19 22 24
a 1 3 6 8 11 14 17 19 22 24
a 1 3 6 8 11 13 17 19 22 24
a 1 3 8 10 11 13 17 19 22 24
a 1 4 8 10 11 13 17 19 22 24
a 2 4 8 10 11 13 17 19 22 24
